nohup: ignoring input
2025/05/10 20:45:07 Processing document: Expanded_list_of_taxes
2025/05/10 20:45:25 Successfully processed document: Expanded_list_of_taxes
2025/05/10 20:45:25 Processing document: Tax_obligations_for_different_companies_in_different_sectors_in_Tanzania
2025/05/10 20:45:35 Successfully processed document: Tax_obligations_for_different_companies_in_different_sectors_in_Tanzania
2025/05/10 20:45:35 Processing document: Tax_obligations_for_different_companies_in_different_sectors
2025/05/10 20:45:59 Successfully processed document: Tax_obligations_for_different_companies_in_different_sectors
2025/05/10 20:45:59 Processing document: Tax_on_Transportation_and_Storage_sector
2025/05/10 20:46:18 Successfully processed document: Tax_on_Transportation_and_Storage_sector
2025/05/10 20:46:18 Processing document: Taxes_in_agriculture
2025/05/10 20:46:46 Successfully processed document: Taxes_in_agriculture
2025/05/10 20:46:46 Processing document: Taxes_on_accommodation_and_food_service_sector
2025/05/10 20:47:06 Successfully processed document: Taxes_on_accommodation_and_food_service_sector
2025/05/10 20:47:06 Processing document: Taxes_on_activities_of_households_as_employers_of_domestic_personnel_and_undifferentiated_goods
2025/05/10 20:47:20 Successfully processed document: Taxes_on_activities_of_households_as_employers_of_domestic_personnel_and_undifferentiated_goods
2025/05/10 20:47:20 Processing document: Taxes_on_Administrative_and_Support_Service_sector
2025/05/10 20:47:33 Successfully processed document: Taxes_on_Administrative_and_Support_Service_sector
2025/05/10 20:47:33 Processing document: Taxes_on_arts
2025/05/10 20:47:48 Successfully processed document: Taxes_on_arts
2025/05/10 20:47:48 Processing document: Taxes_on_Construction_sector
2025/05/10 20:48:03 Successfully processed document: Taxes_on_Construction_sector
2025/05/10 20:48:03 Processing document: Taxes_on_education_sector
2025/05/10 20:48:21 Successfully processed document: Taxes_on_education_sector
2025/05/10 20:48:21 Processing document: Taxes_on_Electricity
2025/05/10 20:48:36 Successfully processed document: Taxes_on_Electricity
2025/05/10 20:48:36 Processing document: Taxes_on_Extraterritorial_organizations_and_bodies_operating
2025/05/10 20:48:54 Successfully processed document: Taxes_on_Extraterritorial_organizations_and_bodies_operating
2025/05/10 20:48:54 Processing document: Taxes_on_financial_and_insurance_sector
2025/05/10 20:49:09 Successfully processed document: Taxes_on_financial_and_insurance_sector
2025/05/10 20:49:09 Processing document: Taxes_on_human_health_and_social_work_sector
2025/05/10 20:49:28 Successfully processed document: Taxes_on_human_health_and_social_work_sector
2025/05/10 20:49:28 Processing document: Taxes_on_Information_and_Communication_sector
2025/05/10 20:49:43 Successfully processed document: Taxes_on_Information_and_Communication_sector
2025/05/10 20:49:43 Processing document: Taxes_on_Manufacturing_sector
2025/05/10 20:50:07 Successfully processed document: Taxes_on_Manufacturing_sector
2025/05/10 20:50:07 Processing document: Taxes_on_mining_and_quarrying_activities
2025/05/10 20:50:24 Successfully processed document: Taxes_on_mining_and_quarrying_activities
2025/05/10 20:50:24 Processing document: Taxes_on_other_service_activities
2025/05/10 20:50:41 Successfully processed document: Taxes_on_other_service_activities
2025/05/10 20:50:41 Processing document: Taxes_on_public_administration_and_compulsory_social_security_sector
2025/05/10 20:50:56 Successfully processed document: Taxes_on_public_administration_and_compulsory_social_security_sector
2025/05/10 20:50:56 Processing document: Taxes_on_real_estate_activities
2025/05/10 20:51:15 Successfully processed document: Taxes_on_real_estate_activities
2025/05/10 20:51:15 Processing document: Taxes_on_the_Wholesale_and_Retail_Trade
2025/05/10 20:51:31 Successfully processed document: Taxes_on_the_Wholesale_and_Retail_Trade
2025/05/10 20:51:31 Processing document: Taxes_on_veterinary_activities
2025/05/10 20:51:45 Successfully processed document: Taxes_on_veterinary_activities
2025/05/10 20:51:45 Processing document: Taxes_on_water_supply
2025/05/10 20:51:57 Successfully processed document: Taxes_on_water_supply
2025/05/10 20:51:57 Processing document: African_Barrick_Gold_Plc_vs_Commissioner_General_Tanzania_Revenue_Authority_(Civil_Appeal_144_of_2018)_2020_TZCA_1754_(31_August_2020)
2025/05/10 20:52:22 Successfully processed document: African_Barrick_Gold_Plc_vs_Commissioner_General_Tanzania_Revenue_Authority_(Civil_Appeal_144_of_2018)_2020_TZCA_1754_(31_August_2020)
2025/05/10 20:52:22 Processing document: African_Barrick_Gold_Plc_vs_Commissioner_General_Tanzania_Revenue_Authority_(Civil_Application_350_of_2019)_2020_TZCA_367_(29_July_2020)
2025/05/10 20:52:47 Successfully processed document: African_Barrick_Gold_Plc_vs_Commissioner_General_Tanzania_Revenue_Authority_(Civil_Application_350_of_2019)_2020_TZCA_367_(29_July_2020)
2025/05/10 20:52:47 Processing document: Aggreko_International_Projects_Limited_vs_Commissioner_General_Tanzania_Revenue_Authority_(Civil_Appeal_No456_of_2021)_2023_TZCA_17606_(7_September_2023)_(1)
2025/05/10 20:53:11 Successfully processed document: Aggreko_International_Projects_Limited_vs_Commissioner_General_Tanzania_Revenue_Authority_(Civil_Appeal_No456_of_2021)_2023_TZCA_17606_(7_September_2023)_(1)
2025/05/10 20:53:11 Processing document: Aggreko_International_Projects_Limited_vs_Commissioner_General_Tanzania_Revenue_Authority_(Civil_Appeal_No456_of_2021)_2023_TZCA_17606_(7_September_2023)
2025/05/10 20:53:35 Successfully processed document: Aggreko_International_Projects_Limited_vs_Commissioner_General_Tanzania_Revenue_Authority_(Civil_Appeal_No456_of_2021)_2023_TZCA_17606_(7_September_2023)
2025/05/10 20:53:35 Processing document: Alliance_One_Tobacco_Tanzania_Ltd_vs_Commissionergeneral_(TRA)_(Civil_Appeal_118_of_2018)_2019_TZCA_556_(7_August_2019)
2025/05/10 20:53:58 Successfully processed document: Alliance_One_Tobacco_Tanzania_Ltd_vs_Commissionergeneral_(TRA)_(Civil_Appeal_118_of_2018)_2019_TZCA_556_(7_August_2019)
2025/05/10 20:53:58 Processing document: Baruani_Ramadhani_Mbwana_vs_The_Commissioner_General_Tanzania_Revenue_Authority_(TRA)_(Civil_Appeal_359_of_2021)_2022_TZCA_711_(16_November_2022)
2025/05/10 20:54:23 Successfully processed document: Baruani_Ramadhani_Mbwana_vs_The_Commissioner_General_Tanzania_Revenue_Authority_(TRA)_(Civil_Appeal_359_of_2021)_2022_TZCA_711_(16_November_2022)
2025/05/10 20:54:23 Processing document: Bp_Tanzania_vs_The_Commissioner_General_of_The_Tanzania_Revenue_Authority_(Civil_Appeal_125_of_2015)_2016_TZCA_749_(29_February_2016)
2025/05/10 20:54:47 Successfully processed document: Bp_Tanzania_vs_The_Commissioner_General_of_The_Tanzania_Revenue_Authority_(Civil_Appeal_125_of_2015)_2016_TZCA_749_(29_February_2016)
2025/05/10 20:54:47 Processing document: Business_Printers_Limited_vs_Commissioner_General_of_Tanzania_Revenue_Authority_and_Another_(Misc_Land_Application_522_of_2021)_2021_TZHCLandD_653_(7_October_2021)
2025/05/10 20:55:13 Successfully processed document: Business_Printers_Limited_vs_Commissioner_General_of_Tanzania_Revenue_Authority_and_Another_(Misc_Land_Application_522_of_2021)_2021_TZHCLandD_653_(7_October_2021)
2025/05/10 20:55:13 Processing document: Centre_Stage_Productions_Ltd_vs_Commissioner_General_TRA_(Winding_Up_Cause_22_of_2022)_2023_TZHCComD_112_(20_April_2023)
2025/05/10 20:55:28 Successfully processed document: Centre_Stage_Productions_Ltd_vs_Commissioner_General_TRA_(Winding_Up_Cause_22_of_2022)_2023_TZHCComD_112_(20_April_2023)
2025/05/10 20:55:28 Processing document: Commissioner_General_Tanzania_Revenue_Authority_and_Another_vs_Mirambo_Limited_(Misc_Civil_Application_3_of_2021)_2021_TZHC_7444_(16_November_2021)
2025/05/10 20:55:53 Successfully processed document: Commissioner_General_Tanzania_Revenue_Authority_and_Another_vs_Mirambo_Limited_(Misc_Civil_Application_3_of_2021)_2021_TZHC_7444_(16_November_2021)
2025/05/10 20:55:53 Processing document: Commissioner_General_Tanzania_Revenue_Authority_vs_African_Barrick_Gold_Plc_(Civil_Appeal_Case_No_11_of_2020)_2022_TZCA_119_(17_March_2022)
2025/05/10 20:56:17 Successfully processed document: Commissioner_General_Tanzania_Revenue_Authority_vs_African_Barrick_Gold_Plc_(Civil_Appeal_Case_No_11_of_2020)_2022_TZCA_119_(17_March_2022)
2025/05/10 20:56:17 Processing document: Commissioner_General_Tanzania_Revenue_Authority_vs_Ecolab_East_Africa_(Tanzania)_Limited_(Civil_Appeal_35_of_2020)_2021_TZCA_283_(2_July_2021)
2025/05/10 20:56:41 Successfully processed document: Commissioner_General_Tanzania_Revenue_Authority_vs_Ecolab_East_Africa_(Tanzania)_Limited_(Civil_Appeal_35_of_2020)_2021_TZCA_283_(2_July_2021)
2025/05/10 20:56:41 Processing document: Commissioner_General_Tanzania_Revenue_Authority_vs_Geita_Gold_Mining_Limited_(Civil_Appeal_192_of_2021)_2022_TZCA_567_(22_September_2022)
2025/05/10 20:57:06 Successfully processed document: Commissioner_General_Tanzania_Revenue_Authority_vs_Geita_Gold_Mining_Limited_(Civil_Appeal_192_of_2021)_2022_TZCA_567_(22_September_2022)
2025/05/10 20:57:06 Processing document: Commissioner_General_Tanzania_Revenue_Authority_vs_Jsc_AtomredmeTZoloto_(armz)_(Consolidated_Civil_Appeals_78_of_2018)_2020_TZCA_306_(9_June_2020)
2025/05/10 20:57:32 Successfully processed document: Commissioner_General_Tanzania_Revenue_Authority_vs_Jsc_AtomredmeTZoloto_(armz)_(Consolidated_Civil_Appeals_78_of_2018)_2020_TZCA_306_(9_June_2020)
2025/05/10 20:57:32 Processing document: Dianarose_Spareparts_Ltd_vs_Commissioner_General_Tanzania_Revenue_Authority_(Civil_Application_245_of_2021)_2022_TZCA_818_(19_December_2022)
2025/05/10 20:57:59 Successfully processed document: Dianarose_Spareparts_Ltd_vs_Commissioner_General_Tanzania_Revenue_Authority_(Civil_Application_245_of_2021)_2022_TZCA_818_(19_December_2022)
2025/05/10 20:57:59 Processing document: Dominion_Tanzania_Limited_vs_Commissioner_General_(TRA)_(Civil_Appeal_159_of_2021)_2022_TZCA_398_(28_June_2022)
2025/05/10 20:58:25 Successfully processed document: Dominion_Tanzania_Limited_vs_Commissioner_General_(TRA)_(Civil_Appeal_159_of_2021)_2022_TZCA_398_(28_June_2022)
2025/05/10 20:58:25 Processing document: DTP_Terrassment_vs_The_Commissioner_General_Tanzania_Revenue_Authority_(Civil_Application_No_15020_of_2017)_2017_TZCA_306_(9_November_2017)
2025/05/10 20:58:39 Successfully processed document: DTP_Terrassment_vs_The_Commissioner_General_Tanzania_Revenue_Authority_(Civil_Application_No_15020_of_2017)_2017_TZCA_306_(9_November_2017)
2025/05/10 20:58:39 Processing document: Engen_Petroleum_(T)_Limited_vs_Tanzania_Revenue_Authority_(Civil_Case_No_36_of_2001)_2001_TZHC_35_(1_December_2001)
2025/05/10 20:58:51 Successfully processed document: Engen_Petroleum_(T)_Limited_vs_Tanzania_Revenue_Authority_(Civil_Case_No_36_of_2001)_2001_TZHC_35_(1_December_2001)
2025/05/10 20:58:51 Processing document: Geita_Gold_Mining_Limited_vs_Commissioner_General_Tanzania_Revenue_Authority_(Civil_Appeal_No_39_of_2017)_2017_TZCA_314_(7_November_2017)
2025/05/10 20:59:11 Successfully processed document: Geita_Gold_Mining_Limited_vs_Commissioner_General_Tanzania_Revenue_Authority_(Civil_Appeal_No_39_of_2017)_2017_TZCA_314_(7_November_2017)
2025/05/10 20:59:11 Processing document: Gobanya_F_Hezwa_vs_The_Commisioner_General_Tanzania_Revenue_Authority_(Civil_Appeal_83_of_2008)_2010_TZCA_9_(20_July_2010)
2025/05/10 20:59:25 Successfully processed document: Gobanya_F_Hezwa_vs_The_Commisioner_General_Tanzania_Revenue_Authority_(Civil_Appeal_83_of_2008)_2010_TZCA_9_(20_July_2010)
2025/05/10 20:59:25 Processing document: Gobanya_F_Hezwa_vs_The_Commissioner_General_Tanzania_Revenue_Authority_(Civil_Appeal_83_of_2008)_2010_TZCA_102_(23_July_2010)
2025/05/10 20:59:40 Successfully processed document: Gobanya_F_Hezwa_vs_The_Commissioner_General_Tanzania_Revenue_Authority_(Civil_Appeal_83_of_2008)_2010_TZCA_102_(23_July_2010)
2025/05/10 20:59:40 Processing document: JOVET_Tanzania_Limited_vs_Commissioner_General_Tanzania_Revenue_Authority_(TRA)_(Civil_Application_No22820_of_2021)_2023_TZCA_17493_(11_August_2023)
2025/05/10 21:00:03 Successfully processed document: JOVET_Tanzania_Limited_vs_Commissioner_General_Tanzania_Revenue_Authority_(TRA)_(Civil_Application_No22820_of_2021)_2023_TZCA_17493_(11_August_2023)
2025/05/10 21:00:03 Processing document: Jovet_Tanzania_Ltd_vs_Commissioner_General_Tanzania_Revenue_Authority_(Civil_Appeal_217_of_2019)_2021_TZCA_94_(1_April_2021)
2025/05/10 21:00:26 Successfully processed document: Jovet_Tanzania_Ltd_vs_Commissioner_General_Tanzania_Revenue_Authority_(Civil_Appeal_217_of_2019)_2021_TZCA_94_(1_April_2021)
2025/05/10 21:00:26 Processing document: Karibu_Textiles_Mills_Limited_vs_Commissioner_General_Tanzania_Revenue_Authority_(Civil_Reference_No_21_of_2017)_2021_TZCA_261_(10_June_2021)
2025/05/10 21:00:51 Successfully processed document: Karibu_Textiles_Mills_Limited_vs_Commissioner_General_Tanzania_Revenue_Authority_(Civil_Reference_No_21_of_2017)_2021_TZCA_261_(10_June_2021)
2025/05/10 21:00:51 Processing document: Kilombero_Sugar_Company_Limited_vs_Commissioner_General_Tanzania_Authority_(Civil_Appeal_443_of_2020)_2022_TZCA_636_(19_October_2022)
2025/05/10 21:01:14 Successfully processed document: Kilombero_Sugar_Company_Limited_vs_Commissioner_General_Tanzania_Authority_(Civil_Appeal_443_of_2020)_2022_TZCA_636_(19_October_2022)
2025/05/10 21:01:14 Processing document: Kilombero_Sugar_Company_Limited_vs_Commissioner_General_Tanzania_Revenue_Authority_(Civil_Appeal_218_of_2019)_2021_TZCA_213_(25_May_2021)
2025/05/10 21:01:41 Successfully processed document: Kilombero_Sugar_Company_Limited_vs_Commissioner_General_Tanzania_Revenue_Authority_(Civil_Appeal_218_of_2019)_2021_TZCA_213_(25_May_2021)
2025/05/10 21:01:41 Processing document: Kilombero_Sugar_Company_Limited_vs_Commissioner_General_Tanzania_Revenue_Authority_(Civil_Appeal_444_of_2020)_2022_TZCA_314_(30_May_2022)
2025/05/10 21:02:06 Successfully processed document: Kilombero_Sugar_Company_Limited_vs_Commissioner_General_Tanzania_Revenue_Authority_(Civil_Appeal_444_of_2020)_2022_TZCA_314_(30_May_2022)
2025/05/10 21:02:06 Processing document: Kilombero_Sugar_Company_Ltd_vs_Commissioner_General_of_Tanzania_Revenue_Authority_(Civil_Appeal_No_5_B_of_2015)_2016_TZCA_2077_(22_August_2016)
2025/05/10 21:02:28 Successfully processed document: Kilombero_Sugar_Company_Ltd_vs_Commissioner_General_of_Tanzania_Revenue_Authority_(Civil_Appeal_No_5_B_of_2015)_2016_TZCA_2077_(22_August_2016)
2025/05/10 21:02:28 Processing document: Lakairo_Investment_Limited_vs_Commissioner_General_Tanzania_Revenue_Authority_(Civil_Appeal_No_452_of_2021)_2023_TZCA_18021_(29_December_2023)_(1)
2025/05/10 21:02:53 Successfully processed document: Lakairo_Investment_Limited_vs_Commissioner_General_Tanzania_Revenue_Authority_(Civil_Appeal_No_452_of_2021)_2023_TZCA_18021_(29_December_2023)_(1)
2025/05/10 21:02:53 Processing document: Lakairo_Investment_Limited_vs_Commissioner_General_Tanzania_Revenue_Authority_(Civil_Appeal_No_452_of_2021)_2023_TZCA_18021_(29_December_2023)
2025/05/10 21:03:17 Successfully processed document: Lakairo_Investment_Limited_vs_Commissioner_General_Tanzania_Revenue_Authority_(Civil_Appeal_No_452_of_2021)_2023_TZCA_18021_(29_December_2023)
2025/05/10 21:03:17 Processing document: Mantra_Tanzania_Limited_vs_Commissioner_General_Tanzania_Revenue_Authority_(tra)_(Civil_Appeal_380_of_2021)_2023_TZCA_190_(19_April_2023)_(1)
2025/05/10 21:03:42 Successfully processed document: Mantra_Tanzania_Limited_vs_Commissioner_General_Tanzania_Revenue_Authority_(tra)_(Civil_Appeal_380_of_2021)_2023_TZCA_190_(19_April_2023)_(1)
2025/05/10 21:03:42 Processing document: Mantra_Tanzania_Limited_vs_Commissioner_General_Tanzania_Revenue_Authority_(tra)_(Civil_Appeal_380_of_2021)_2023_TZCA_190_(19_April_2023)
2025/05/10 21:04:06 Successfully processed document: Mantra_Tanzania_Limited_vs_Commissioner_General_Tanzania_Revenue_Authority_(tra)_(Civil_Appeal_380_of_2021)_2023_TZCA_190_(19_April_2023)
2025/05/10 21:04:06 Processing document: Mbeya_Inter_Trade_Company_Ltd_vs_Commissioner_General_Tanzania_Revenue_Authority_(Civil_Application_108_of_2005)_2005_TZCA_91_(2_December_2005)
2025/05/10 21:04:12 Successfully processed document: Mbeya_Inter_Trade_Company_Ltd_vs_Commissioner_General_Tanzania_Revenue_Authority_(Civil_Application_108_of_2005)_2005_TZCA_91_(2_December_2005)
2025/05/10 21:04:12 Processing document: Mbonipa_Kasase_vs_Tanzania_Revenue_Authority_(Revision_No_422_of_2016)_2018_TZHCLD_35_(6_April_2018)
2025/05/10 21:04:26 Successfully processed document: Mbonipa_Kasase_vs_Tanzania_Revenue_Authority_(Revision_No_422_of_2016)_2018_TZHCLD_35_(6_April_2018)
2025/05/10 21:04:26 Processing document: Mirambo_Limited_vs_Commissioner_GeneralTanzania_Revenue_Authority_and_Another_(Misc_Civil_Application_57_of_2020)_2021_TZHC_3047_(30_April_2021)
2025/05/10 21:04:51 Successfully processed document: Mirambo_Limited_vs_Commissioner_GeneralTanzania_Revenue_Authority_and_Another_(Misc_Civil_Application_57_of_2020)_2021_TZHC_3047_(30_April_2021)
2025/05/10 21:04:51 Processing document: Mkama_Pastory_vs_Tanzania_Revenue_Authority_(Civil_Appeal_95_of_2006)_2007_TZCA_170_(23_February_2007)
2025/05/10 21:05:10 Successfully processed document: Mkama_Pastory_vs_Tanzania_Revenue_Authority_(Civil_Appeal_95_of_2006)_2007_TZCA_170_(23_February_2007)
2025/05/10 21:05:10 Processing document: Ms_Sopa_Management_Limited_vs_Ms_Tanzania_Revenue_Authority_(Civil_Appeal_25_of_2010)_2012_TZCA_226_(5_March_2012)
2025/05/10 21:05:30 Successfully processed document: Ms_Sopa_Management_Limited_vs_Ms_Tanzania_Revenue_Authority_(Civil_Appeal_25_of_2010)_2012_TZCA_226_(5_March_2012)
2025/05/10 21:05:30 Processing document: Ms_Sopa_Management_Limited_vs_Ms_Tanzania_Revenue_Authority_(Civil_Appeal_25_of_2010)_2012_TZCA_251_(5_March_2012)
2025/05/10 21:05:46 Successfully processed document: Ms_Sopa_Management_Limited_vs_Ms_Tanzania_Revenue_Authority_(Civil_Appeal_25_of_2010)_2012_TZCA_251_(5_March_2012)
2025/05/10 21:05:46 Processing document: Ms_Sopa_Management_Limited_vs_Ms_Tanzania_Revenue_Authority_(Civil_Appeal_25_of_2010)_2012_TZCA_73_(5_March_2012)
2025/05/10 21:06:06 Successfully processed document: Ms_Sopa_Management_Limited_vs_Ms_Tanzania_Revenue_Authority_(Civil_Appeal_25_of_2010)_2012_TZCA_73_(5_March_2012)
2025/05/10 21:06:06 Processing document: Mwenga_Hydro_Limited_vs_Commissioner_Tanzania_Revenue_Authority_(Civil_Appeal_356_of_2021)_2022_TZCA_590_(29_September_2022)
2025/05/10 21:06:30 Successfully processed document: Mwenga_Hydro_Limited_vs_Commissioner_Tanzania_Revenue_Authority_(Civil_Appeal_356_of_2021)_2022_TZCA_590_(29_September_2022)
2025/05/10 21:06:30 Processing document: National_Bank_of_Commerce_Ltd_vs_The_Commissioner_General_Tanzania_Revenue_Authority_(Civil_Appeal_No_109_of_2020)_2022_TZCA_143_(24_March_2022)
2025/05/10 21:06:53 Successfully processed document: National_Bank_of_Commerce_Ltd_vs_The_Commissioner_General_Tanzania_Revenue_Authority_(Civil_Appeal_No_109_of_2020)_2022_TZCA_143_(24_March_2022)
2025/05/10 21:06:53 Processing document: National_Bank_of_Commerce_vs_Commissioner_General_Tanzania_Revenue_Authority_(Civil_Appeal_No_52_of_2018)_2018_TZCA_83_(9_July_2018)
2025/05/10 21:07:18 Successfully processed document: National_Bank_of_Commerce_vs_Commissioner_General_Tanzania_Revenue_Authority_(Civil_Appeal_No_52_of_2018)_2018_TZCA_83_(9_July_2018)
2025/05/10 21:07:18 Processing document: Ophir_Tanzania_(block_1)_Limited_vs_Commissioner_Genera_Tanzania_Revenue_Authority_(Civil_Appeal_58_of_2020)_2021_TZCA_350_(6_August_2021)
2025/05/10 21:07:43 Successfully processed document: Ophir_Tanzania_(block_1)_Limited_vs_Commissioner_Genera_Tanzania_Revenue_Authority_(Civil_Appeal_58_of_2020)_2021_TZCA_350_(6_August_2021)
2025/05/10 21:07:43 Processing document: Oryx_Oil_Company_Limited_vs_Commissioner_General_Tanzania_Revenue_Authority_(Civil_Appeal_87_of_2013)_2016_TZCA_757_(14_March_2016)
2025/05/10 21:08:07 Successfully processed document: Oryx_Oil_Company_Limited_vs_Commissioner_General_Tanzania_Revenue_Authority_(Civil_Appeal_87_of_2013)_2016_TZCA_757_(14_March_2016)
2025/05/10 21:08:07 Processing document: Oryx_Oil_Company_Limited_vs_Commissioner_General_Tanzania_Revenue_Authority_(Civil_Appeal_87_of_2013)_2016_TZCA_758_(14_March_2016)
2025/05/10 21:08:34 Successfully processed document: Oryx_Oil_Company_Limited_vs_Commissioner_General_Tanzania_Revenue_Authority_(Civil_Appeal_87_of_2013)_2016_TZCA_758_(14_March_2016)
2025/05/10 21:08:34 Processing document: Pan_African_Energy_T_Ltd_vs_Commissioner_General_Tanzania_Revenue_Authority_(Civil_Appeal_81_of_2019)_2020_TZCA_54_(6_March_2020)
2025/05/10 21:08:59 Successfully processed document: Pan_African_Energy_T_Ltd_vs_Commissioner_General_Tanzania_Revenue_Authority_(Civil_Appeal_81_of_2019)_2020_TZCA_54_(6_March_2020)
2025/05/10 21:08:59 Processing document: Pan_African_Tanzania_Limited_vs_Commissioner_General_Tanzania_Revenue_Authority_(Civil_Appeal_No_172_of_2020)_2021_TZCA_287_(9_July_2021)
2025/05/10 21:09:23 Successfully processed document: Pan_African_Tanzania_Limited_vs_Commissioner_General_Tanzania_Revenue_Authority_(Civil_Appeal_No_172_of_2020)_2021_TZCA_287_(9_July_2021)
2025/05/10 21:09:23 Processing document: Qbar_Limited_vs_Commissioner_General_Tanzania_Revenue_Authority_(Civil_Appeal_163_of_2021)_2022_TZCA_381_(16_June_2022)
2025/05/10 21:09:50 Successfully processed document: Qbar_Limited_vs_Commissioner_General_Tanzania_Revenue_Authority_(Civil_Appeal_163_of_2021)_2022_TZCA_381_(16_June_2022)
2025/05/10 21:09:50 Processing document: Robert_Mapesi_vs_Tanzania_Revenue_Authority_(Miscellaneous_Application_No_213_of_2023)_2023_TZHCLD_1425_(27_September_2023)
2025/05/10 21:10:10 Successfully processed document: Robert_Mapesi_vs_Tanzania_Revenue_Authority_(Miscellaneous_Application_No_213_of_2023)_2023_TZHCLD_1425_(27_September_2023)
2025/05/10 21:10:10 Processing document: Salvatory_Nicholaus_Mbishi_vs_Tanzania_Revenue_Authority_(Civil_Appeal_No_09_of_2023)_2023_TZHC_21878_(18_October_2023)_(1)
2025/05/10 21:10:34 Successfully processed document: Salvatory_Nicholaus_Mbishi_vs_Tanzania_Revenue_Authority_(Civil_Appeal_No_09_of_2023)_2023_TZHC_21878_(18_October_2023)_(1)
2025/05/10 21:10:34 Processing document: Salvatory_Nicholaus_Mbishi_vs_Tanzania_Revenue_Authority_(Civil_Appeal_No_09_of_2023)_2023_TZHC_21878_(18_October_2023)
2025/05/10 21:10:58 Successfully processed document: Salvatory_Nicholaus_Mbishi_vs_Tanzania_Revenue_Authority_(Civil_Appeal_No_09_of_2023)_2023_TZHC_21878_(18_October_2023)
2025/05/10 21:10:58 Processing document: Salvatory_Nicholaus_Mbishi_vs_Tanzania_Revenue_Authority_(Misc_Civil_Application_18_of_2022)_2023_TZHC_17217_(5_May_2023)
2025/05/10 21:11:22 Successfully processed document: Salvatory_Nicholaus_Mbishi_vs_Tanzania_Revenue_Authority_(Misc_Civil_Application_18_of_2022)_2023_TZHC_17217_(5_May_2023)
2025/05/10 21:11:22 Processing document: Shoprite_Checkers_T_Ltd_vs_Commissioner_General_Tanzania_Revenue_Authority_(Civil_Application_517_of_2020)_2020_TZCA_1894_(14_December_2020)
2025/05/10 21:11:37 Successfully processed document: Shoprite_Checkers_T_Ltd_vs_Commissioner_General_Tanzania_Revenue_Authority_(Civil_Application_517_of_2020)_2020_TZCA_1894_(14_December_2020)
2025/05/10 21:11:37 Processing document: Singida_Trading_Store_(EA)_Limited_vs_Commissioner_General_Tanzania_Revenue_Authority_(Civil_Appeal_57_of_2020)_2021_TZCA_179_(6_May_2021)
2025/05/10 21:12:01 Successfully processed document: Singida_Trading_Store_(EA)_Limited_vs_Commissioner_General_Tanzania_Revenue_Authority_(Civil_Appeal_57_of_2020)_2021_TZCA_179_(6_May_2021)
2025/05/10 21:12:01 Processing document: Statoil_Tanzania_vs_Commissioner_General_Tanzania_Revenue_Authority_(Civil_Appeal_372_of_2020)_2022_TZCA_651_(24_October_2022)
2025/05/10 21:12:24 Successfully processed document: Statoil_Tanzania_vs_Commissioner_General_Tanzania_Revenue_Authority_(Civil_Appeal_372_of_2020)_2022_TZCA_651_(24_October_2022)
2025/05/10 21:12:24 Processing document: Taico_Ltd_vs_Tanzania_Revenue_Authority_(Misc_Civil_Cause_108_of_2003)_2006_TZHC_21_(24_May_2006)
2025/05/10 21:12:36 Successfully processed document: Taico_Ltd_vs_Tanzania_Revenue_Authority_(Misc_Civil_Cause_108_of_2003)_2006_TZHC_21_(24_May_2006)
2025/05/10 21:12:36 Processing document: Tanga_Cement_Public_Limited_Company_vs_The_Commissioner_General_Tanzania_Revenue_Authority_(Civil_Appeal_146_of_2021)_2022_TZCA_386_(17_June_2022)
2025/05/10 21:13:01 Successfully processed document: Tanga_Cement_Public_Limited_Company_vs_The_Commissioner_General_Tanzania_Revenue_Authority_(Civil_Appeal_146_of_2021)_2022_TZCA_386_(17_June_2022)
2025/05/10 21:13:01 Processing document: Tanzania_Revenue_Authority_vs_Dawson_Ishengoma_(Civil_Appeal_No_126_of_2011)_2012_TZCA_254_(29_May_2012)
2025/05/10 21:13:15 Successfully processed document: Tanzania_Revenue_Authority_vs_Dawson_Ishengoma_(Civil_Appeal_No_126_of_2011)_2012_TZCA_254_(29_May_2012)
2025/05/10 21:13:15 Processing document: Tanzania_Revenue_Authority_vs_Edson_Mwamtobe_(Revision_No_81_of_2014)_2015_TZHC_2200_(24_April_2015)
2025/05/10 21:13:39 Successfully processed document: Tanzania_Revenue_Authority_vs_Edson_Mwamtobe_(Revision_No_81_of_2014)_2015_TZHC_2200_(24_April_2015)
2025/05/10 21:13:39 Processing document: Tanzania_Revenue_Authority_vs_Mnyuku_BrOthers_Enterprises_(Civil_Appeal_25_of_2007)_2010_TZHC_212_(10_March_2010)
2025/05/10 21:13:45 Successfully processed document: Tanzania_Revenue_Authority_vs_Mnyuku_BrOthers_Enterprises_(Civil_Appeal_25_of_2007)_2010_TZHC_212_(10_March_2010)
2025/05/10 21:13:45 Processing document: Tanzania_Revenue_Authority_vs_Mulamuzi_Byabusha_(Revision_No_312_of_2021)_2022_TZHCLD_597_(27_May_2022)
2025/05/10 21:14:09 Successfully processed document: Tanzania_Revenue_Authority_vs_Mulamuzi_Byabusha_(Revision_No_312_of_2021)_2022_TZHCLD_597_(27_May_2022)
2025/05/10 21:14:09 Processing document: Tanzania_Revenue_Authority_vs_Mulamuzi_Byabusha_(Revision_No_312_of_2021)_2022_TZHCLD_827_(26_August_2022)
2025/05/10 21:14:29 Successfully processed document: Tanzania_Revenue_Authority_vs_Mulamuzi_Byabusha_(Revision_No_312_of_2021)_2022_TZHCLD_827_(26_August_2022)
2025/05/10 21:14:29 Processing document: Tanzania_Tobacco_Processors_Limited_vs_The_Commissioner_General_(TRA)_(Civil_Appeal_174_of_2019)_2021_TZCA_206_(18_May_2021)
2025/05/10 21:14:53 Successfully processed document: Tanzania_Tobacco_Processors_Limited_vs_The_Commissioner_General_(TRA)_(Civil_Appeal_174_of_2019)_2021_TZCA_206_(18_May_2021)
2025/05/10 21:14:53 Processing document: Tanzania_Zambia_Railways_Authority_vs_Tanzania_Revenue_Authority_(Civil_Case_101_of_2001)_2003_TZHC_80_(28_March_2003)
2025/05/10 21:15:08 Successfully processed document: Tanzania_Zambia_Railways_Authority_vs_Tanzania_Revenue_Authority_(Civil_Case_101_of_2001)_2003_TZHC_80_(28_March_2003)
2025/05/10 21:15:08 Processing document: Temu_vs_Tanzania_Revenue_Authority_(Civil_Appeal_72_of_2002)_2004_TZCA_34_(27_October_2004)
2025/05/10 21:15:33 Successfully processed document: Temu_vs_Tanzania_Revenue_Authority_(Civil_Appeal_72_of_2002)_2004_TZCA_34_(27_October_2004)
2025/05/10 21:15:33 Processing document: Temu_vs_Tanzania_Revenue_Authority_(Civil_Appeal_72_of_2002)_2004_TZCA_8_(27_October_2004)
2025/05/10 21:15:56 Successfully processed document: Temu_vs_Tanzania_Revenue_Authority_(Civil_Appeal_72_of_2002)_2004_TZCA_8_(27_October_2004)
2025/05/10 21:15:56 Processing document: The_Tanzania_Revenue_Authority_vs_Zena_Mohamed_Bahroon_TA_New_Pattaya_Hardware_(Commercial_Case_No_295_of_2002)_2003_TZHCComD_18_(15_April_2003)
2025/05/10 21:16:02 Successfully processed document: The_Tanzania_Revenue_Authority_vs_Zena_Mohamed_Bahroon_TA_New_Pattaya_Hardware_(Commercial_Case_No_295_of_2002)_2003_TZHCComD_18_(15_April_2003)
2025/05/10 21:16:02 Processing document: Tullow_Tanzania_Bv_vs_Commissioner_General_Tanzania_Revenue_Authority_(Civil_Appeal_24_of_2018)_2018_TZCA_82_(4_July_2018)
2025/05/10 21:16:26 Successfully processed document: Tullow_Tanzania_Bv_vs_Commissioner_General_Tanzania_Revenue_Authority_(Civil_Appeal_24_of_2018)_2018_TZCA_82_(4_July_2018)
2025/05/10 21:16:26 Processing document: Unilever_Tea_Tanzania_Limited_vs_Commissioner_General_Tanzania_Revenue_Authority_(TRA)_(Civil_Appeal_No_401_of_2020)_2021_TZCA_623_(1_November_2021)
2025/05/10 21:16:51 Successfully processed document: Unilever_Tea_Tanzania_Limited_vs_Commissioner_General_Tanzania_Revenue_Authority_(TRA)_(Civil_Appeal_No_401_of_2020)_2021_TZCA_623_(1_November_2021)
2025/05/10 21:16:51 Processing document: Vodacom_Tanzania_Ltd_Company_vs_Commissioner_General_Tanzania_Revenue_Authority_(Civil_Appeal_117_of_2019)_2020_TZCA_349_(14_July_2020)
2025/05/10 21:17:09 Successfully processed document: Vodacom_Tanzania_Ltd_Company_vs_Commissioner_General_Tanzania_Revenue_Authority_(Civil_Appeal_117_of_2019)_2020_TZCA_349_(14_July_2020)
2025/05/10 21:17:09 Processing document: Vodacom_Tanzania_Public_Limited_Company_vs_Commission_General_Tanzania_Revenue_Authority_(Civil_Application_101_of_2021)_2021_TZCA_400_(24_August_2021)
2025/05/10 21:17:34 Successfully processed document: Vodacom_Tanzania_Public_Limited_Company_vs_Commission_General_Tanzania_Revenue_Authority_(Civil_Application_101_of_2021)_2021_TZCA_400_(24_August_2021)
2025/05/10 21:17:34 Skipping already completed document: African_Barrick_Gold_Plc_vs_Commissioner_General_Tanzania_Revenue_Authority_(Civil_Appeal_144_of_2018)_2020_TZCA_1754_(31_August_2020)
2025/05/10 21:17:34 Skipping already completed document: Aggreko_International_Projects_Limited_vs_Commissioner_General_Tanzania_Revenue_Authority_(Civil_Appeal_No456_of_2021)_2023_TZCA_17606_(7_September_2023)
2025/05/10 21:17:34 Processing document: Ahmed_Teja_ta_Almas_Autoparts_Limited_vs_Commissioner_General_TRA_(Civil_Appeal_283_of_2021)_2022_TZCA_724_(22_November_2022)
2025/05/10 21:17:54 Successfully processed document: Ahmed_Teja_ta_Almas_Autoparts_Limited_vs_Commissioner_General_TRA_(Civil_Appeal_283_of_2021)_2022_TZCA_724_(22_November_2022)
2025/05/10 21:17:54 Skipping already completed document: Baruani_Ramadhani_Mbwana_vs_The_Commissioner_General_Tanzania_Revenue_Authority_(TRA)_(Civil_Appeal_359_of_2021)_2022_TZCA_711_(16_November_2022)
2025/05/10 21:17:54 Processing document: Commissioner_General_(TRA)_vs_Crje_Estate_Limited_(Civil_Appeal_370_of_2021)_2022_TZCA_614_(7_October_2022)
2025/05/10 21:18:20 Successfully processed document: Commissioner_General_(TRA)_vs_Crje_Estate_Limited_(Civil_Appeal_370_of_2021)_2022_TZCA_614_(7_October_2022)
2025/05/10 21:18:20 Skipping already completed document: Commissioner_General_Tanzania_Revenue_Authority_vs_African_Barrick_Gold_Plc_(Civil_Appeal_Case_No_11_of_2020)_2022_TZCA_119_(17_March_2022)
2025/05/10 21:18:20 Skipping already completed document: Commissioner_General_Tanzania_Revenue_Authority_vs_Ecolab_East_Africa_(Tanzania)_Limited_(Civil_Appeal_35_of_2020)_2021_TZCA_283_(2_July_2021)
2025/05/10 21:18:20 Skipping already completed document: Commissioner_General_Tanzania_Revenue_Authority_vs_Geita_Gold_Mining_Limited_(Civil_Appeal_192_of_2021)_2022_TZCA_567_(22_September_2022)
2025/05/10 21:18:20 Skipping already completed document: Commissioner_General_Tanzania_Revenue_Authority_vs_Jsc_AtomredmeTZoloto_(armz)_(Consolidated_Civil_Appeals_78_of_2018)_2020_TZCA_306_(9_June_2020)
2025/05/10 21:18:20 Skipping already completed document: Dianarose_Spareparts_Ltd_vs_Commissioner_General_Tanzania_Revenue_Authority_(Civil_Application_245_of_2021)_2022_TZCA_818_(19_December_2022)
2025/05/10 21:18:20 Skipping already completed document: Dominion_Tanzania_Limited_vs_Commissioner_General_(TRA)_(Civil_Appeal_159_of_2021)_2022_TZCA_398_(28_June_2022)
2025/05/10 21:18:20 Skipping already completed document: JOVET_Tanzania_Limited_vs_Commissioner_General_Tanzania_Revenue_Authority_(TRA)_(Civil_Application_No22820_of_2021)_2023_TZCA_17493_(11_August_2023)
2025/05/10 21:18:20 Skipping already completed document: Jovet_Tanzania_Ltd_vs_Commissioner_General_Tanzania_Revenue_Authority_(Civil_Appeal_217_of_2019)_2021_TZCA_94_(1_April_2021)
2025/05/10 21:18:20 Skipping already completed document: Kilombero_Sugar_Company_Limited_vs_Commissioner_General_Tanzania_Authority_(Civil_Appeal_443_of_2020)_2022_TZCA_636_(19_October_2022)
2025/05/10 21:18:20 Skipping already completed document: Kilombero_Sugar_Company_Limited_vs_Commissioner_General_Tanzania_Revenue_Authority_(Civil_Appeal_218_of_2019)_2021_TZCA_213_(25_May_2021)
2025/05/10 21:18:20 Skipping already completed document: Kilombero_Sugar_Company_Limited_vs_Commissioner_General_Tanzania_Revenue_Authority_(Civil_Appeal_444_of_2020)_2022_TZCA_314_(30_May_2022)
2025/05/10 21:18:20 Skipping already completed document: Lakairo_Investment_Limited_vs_Commissioner_General_Tanzania_Revenue_Authority_(Civil_Appeal_No_452_of_2021)_2023_TZCA_18021_(29_December_2023)
2025/05/10 21:18:20 Skipping already completed document: Mantra_Tanzania_Limited_vs_Commissioner_General_Tanzania_Revenue_Authority_(tra)_(Civil_Appeal_380_of_2021)_2023_TZCA_190_(19_April_2023)
2025/05/10 21:18:20 Processing document: Mlimani_Holdings_Limited_vs_The_Commissioner_General_(Civil_Appeal_265_of_2021)_2022_TZCA_437_(18_July_2022)
2025/05/10 21:18:45 Successfully processed document: Mlimani_Holdings_Limited_vs_The_Commissioner_General_(Civil_Appeal_265_of_2021)_2022_TZCA_437_(18_July_2022)
2025/05/10 21:18:45 Skipping already completed document: Mwenga_Hydro_Limited_vs_Commissioner_Tanzania_Revenue_Authority_(Civil_Appeal_356_of_2021)_2022_TZCA_590_(29_September_2022)
2025/05/10 21:18:45 Skipping already completed document: National_Bank_of_Commerce_Ltd_vs_The_Commissioner_General_Tanzania_Revenue_Authority_(Civil_Appeal_No_109_of_2020)_2022_TZCA_143_(24_March_2022)
2025/05/10 21:18:45 Skipping already completed document: Ophir_Tanzania_(block_1)_Limited_vs_Commissioner_Genera_Tanzania_Revenue_Authority_(Civil_Appeal_58_of_2020)_2021_TZCA_350_(6_August_2021)
2025/05/10 21:18:45 Skipping already completed document: Pan_African_Energy_T_Ltd_vs_Commissioner_General_Tanzania_Revenue_Authority_(Civil_Appeal_81_of_2019)_2020_TZCA_54_(6_March_2020)
2025/05/10 21:18:45 Skipping already completed document: Pan_African_Tanzania_Limited_vs_Commissioner_General_Tanzania_Revenue_Authority_(Civil_Appeal_No_172_of_2020)_2021_TZCA_287_(9_July_2021)
2025/05/10 21:18:45 Skipping already completed document: Qbar_Limited_vs_Commissioner_General_Tanzania_Revenue_Authority_(Civil_Appeal_163_of_2021)_2022_TZCA_381_(16_June_2022)
2025/05/10 21:18:45 Skipping already completed document: Shoprite_Checkers_T_Ltd_vs_Commissioner_General_Tanzania_Revenue_Authority_(Civil_Application_517_of_2020)_2020_TZCA_1894_(14_December_2020)
2025/05/10 21:18:45 Skipping already completed document: Singida_Trading_Store_(EA)_Limited_vs_Commissioner_General_Tanzania_Revenue_Authority_(Civil_Appeal_57_of_2020)_2021_TZCA_179_(6_May_2021)
2025/05/10 21:18:45 Processing document: Star_Media_Tanzania_Limited_vs_Tanzania_Revenue_Uthority_(Civil_Appeal_211_of_2019)_2021_TZCA_191_(7_May_2021)
2025/05/10 21:19:09 Successfully processed document: Star_Media_Tanzania_Limited_vs_Tanzania_Revenue_Uthority_(Civil_Appeal_211_of_2019)_2021_TZCA_191_(7_May_2021)
2025/05/10 21:19:09 Skipping already completed document: Statoil_Tanzania_vs_Commissioner_General_Tanzania_Revenue_Authority_(Civil_Appeal_372_of_2020)_2022_TZCA_651_(24_October_2022)
2025/05/10 21:19:09 Skipping already completed document: Tanga_Cement_Public_Limited_Company_vs_The_Commissioner_General_Tanzania_Revenue_Authority_(Civil_Appeal_146_of_2021)_2022_TZCA_386_(17_June_2022)
2025/05/10 21:19:09 Skipping already completed document: Tanzania_Tobacco_Processors_Limited_vs_The_Commissioner_General_(TRA)_(Civil_Appeal_174_of_2019)_2021_TZCA_206_(18_May_2021)
2025/05/10 21:19:09 Processing document: TOTAL_Tanzania_Limited_vs_Commissioner_(Civil_Appeal_No47_of_2022)_2023_TZCA_17559_(30_August_2023)
2025/05/10 21:19:34 Successfully processed document: TOTAL_Tanzania_Limited_vs_Commissioner_(Civil_Appeal_No47_of_2022)_2023_TZCA_17559_(30_August_2023)
2025/05/10 21:19:34 Skipping already completed document: Unilever_Tea_Tanzania_Limited_vs_Commissioner_General_Tanzania_Revenue_Authority_(TRA)_(Civil_Appeal_No_401_of_2020)_2021_TZCA_623_(1_November_2021)
2025/05/10 21:19:34 Skipping already completed document: Vodacom_Tanzania_Ltd_Company_vs_Commissioner_General_Tanzania_Revenue_Authority_(Civil_Appeal_117_of_2019)_2020_TZCA_349_(14_July_2020)
2025/05/10 21:19:34 Processing document: Vodacom_Tanzania_Public_Co_T_Ltd_vs_Commissioner_General_TRA_(Civil_Application_465_of_2019)_2020_TZCA_64_(10_March_2020)
2025/05/10 21:19:44 Successfully processed document: Vodacom_Tanzania_Public_Co_T_Ltd_vs_Commissioner_General_TRA_(Civil_Application_465_of_2019)_2020_TZCA_64_(10_March_2020)
2025/05/10 21:19:44 Skipping already completed document: Vodacom_Tanzania_Public_Limited_Company_vs_Commission_General_Tanzania_Revenue_Authority_(Civil_Application_101_of_2021)_2021_TZCA_400_(24_August_2021)
2025/05/10 21:19:44 Processing document: Zanzibar_Telecom_Ltd_vs_The_Commissioner_General_(TRA)_(Civil_Application_222_of_2021)_2022_TZCA_373_(17_June_2022)
2025/05/10 21:20:09 Successfully processed document: Zanzibar_Telecom_Ltd_vs_The_Commissioner_General_(TRA)_(Civil_Application_222_of_2021)_2022_TZCA_373_(17_June_2022)
2025/05/10 21:20:09 Processing document: FAQs_for_CGT
2025/05/10 21:20:30 Successfully processed document: FAQs_for_CGT
2025/05/10 21:20:30 Processing document: FAQS_for_CIT
2025/05/10 21:20:51 Successfully processed document: FAQS_for_CIT
2025/05/10 21:20:51 Processing document: FAQs_for_Customs_Duty
2025/05/10 21:21:10 Successfully processed document: FAQs_for_Customs_Duty
2025/05/10 21:21:10 Processing document: FAQs_for_Excise_Duty
2025/05/10 21:21:30 Successfully processed document: FAQs_for_Excise_Duty
2025/05/10 21:21:30 Processing document: FAQs_for_PAYE
2025/05/10 21:21:51 Successfully processed document: FAQs_for_PAYE
2025/05/10 21:21:51 Processing document: FAQs_for_SDL
2025/05/10 21:22:10 Successfully processed document: FAQs_for_SDL
2025/05/10 21:22:10 Processing document: FAQs_for_Stamp_Duty
2025/05/10 21:22:30 Successfully processed document: FAQs_for_Stamp_Duty
2025/05/10 21:22:30 Processing document: FAQs_for_VAT
2025/05/10 21:22:49 Successfully processed document: FAQs_for_VAT
2025/05/10 21:22:49 Processing document: FAQs_for_WHT
2025/05/10 21:23:09 Successfully processed document: FAQs_for_WHT
2025/05/10 21:23:09 Processing document: 2017EMPLOYERGUIDEBOOKLET
2025/05/10 21:23:32 Successfully processed document: 2017EMPLOYERGUIDEBOOKLET
2025/05/10 21:23:32 Processing document: APPENDIX_I-_USER_MANUAL_FOR_REGISTRATION_OF_NON-RESIDENT_ELECTRONIC_SERVICE_PROVIDERS-UPDATED
2025/05/10 21:23:46 Successfully processed document: APPENDIX_I-_USER_MANUAL_FOR_REGISTRATION_OF_NON-RESIDENT_ELECTRONIC_SERVICE_PROVIDERS-UPDATED
2025/05/10 21:23:46 Processing document: ApplicationForPrivateClassRuling
2025/05/10 21:23:52 Successfully processed document: ApplicationForPrivateClassRuling
2025/05/10 21:23:52 Processing document: binafsi-TIN
2025/05/10 21:24:04 Successfully processed document: binafsi-TIN
2025/05/10 21:24:04 Processing document: branchTIN
2025/05/10 21:24:10 Successfully processed document: branchTIN
2025/05/10 21:24:10 Processing document: BULK_EMPLOYEES_-_UPLOADING_BY_EXCEL_USER
2025/05/10 21:24:15 Successfully processed document: BULK_EMPLOYEES_-_UPLOADING_BY_EXCEL_USER
2025/05/10 21:24:15 Processing document: c1-overtime-request
2025/05/10 21:24:20 Successfully processed document: c1-overtime-request
2025/05/10 21:24:20 Processing document: c10-application-to-proceed-to-sufferance-wharf
2025/05/10 21:24:26 Successfully processed document: c10-application-to-proceed-to-sufferance-wharf
2025/05/10 21:24:26 Processing document: c11-landing-certificate
2025/05/10 21:24:30 Successfully processed document: c11-landing-certificate
2025/05/10 21:24:30 Processing document: c12-application-release-perishables-or-other-goods-prior-to-payment-of-duty
2025/05/10 21:24:36 Successfully processed document: c12-application-release-perishables-or-other-goods-prior-to-payment-of-duty
2025/05/10 21:24:36 Processing document: c13-application-inward-or-outward-processing
2025/05/10 21:24:41 Successfully processed document: c13-application-inward-or-outward-processing
2025/05/10 21:24:41 Processing document: c14-certificate-of-clearance
2025/05/10 21:24:46 Successfully processed document: c14-certificate-of-clearance
2025/05/10 21:24:46 Processing document: c15-request-repack-warehoused-goods
2025/05/10 21:24:51 Successfully processed document: c15-request-repack-warehoused-goods
2025/05/10 21:24:51 Processing document: c16-request-transfer-ownership-warehoused-goods
2025/05/10 21:24:56 Successfully processed document: c16-request-transfer-ownership-warehoused-goods
2025/05/10 21:24:56 Processing document: c18-application-licence-premises-used-bonded-warehouse-bonded-factory-or-internal-depot
2025/05/10 21:25:01 Successfully processed document: c18-application-licence-premises-used-bonded-warehouse-bonded-factory-or-internal-depot
2025/05/10 21:25:01 Processing document: c19-licence-private-general-bonded-warehouse-or-bonded-factory-or-internal-container-depot
2025/05/10 21:25:06 Successfully processed document: c19-licence-private-general-bonded-warehouse-or-bonded-factory-or-internal-container-depot
2025/05/10 21:25:06 Processing document: c2-cargo-manifest
2025/05/10 21:25:13 Successfully processed document: c2-cargo-manifest
2025/05/10 21:25:13 Processing document: c20-application-customs-agents-licence-year
2025/05/10 21:25:18 Successfully processed document: c20-application-customs-agents-licence-year
2025/05/10 21:25:18 Processing document: c21-customs-agents-licence
2025/05/10 21:25:24 Successfully processed document: c21-customs-agents-licence
2025/05/10 21:25:24 Processing document: c22-application-ship-goods-prior-to-entry
2025/05/10 21:25:29 Successfully processed document: c22-application-ship-goods-prior-to-entry
2025/05/10 21:25:29 Processing document: c23-application-transfer-stores-of-aircraft-or-vessel
2025/05/10 21:25:34 Successfully processed document: c23-application-transfer-stores-of-aircraft-or-vessel
2025/05/10 21:25:34 Processing document: c24-application-to-transfer-stores-aircraft-or-vessel
2025/05/10 21:25:40 Successfully processed document: c24-application-to-transfer-stores-aircraft-or-vessel
2025/05/10 21:25:40 Processing document: c25-application-to-transfer-stores-of-aircratf-or-vessel
2025/05/10 21:25:45 Successfully processed document: c25-application-to-transfer-stores-of-aircratf-or-vessel
2025/05/10 21:25:45 Processing document: c26-application-refund-deposit-or-cancellation-of-bond
2025/05/10 21:25:50 Successfully processed document: c26-application-refund-deposit-or-cancellation-of-bond
2025/05/10 21:25:50 Processing document: c27-transire
2025/05/10 21:25:57 Successfully processed document: c27-transire
2025/05/10 21:25:57 Processing document: c28-license-vehicle-or-vessel-conveying-transit-goods
2025/05/10 21:26:02 Successfully processed document: c28-license-vehicle-or-vessel-conveying-transit-goods
2025/05/10 21:26:02 Processing document: c29-certificate-approval-for-licenses-motor-vehicles
2025/05/10 21:26:07 Successfully processed document: c29-certificate-approval-for-licenses-motor-vehicles
2025/05/10 21:26:07 Processing document: c3-parcel-list
2025/05/10 21:26:13 Successfully processed document: c3-parcel-list
2025/05/10 21:26:13 Processing document: c30-duty-drawback-rate-yield-notification-form
2025/05/10 21:26:18 Successfully processed document: c30-duty-drawback-rate-yield-notification-form
2025/05/10 21:26:18 Processing document: c31-duty-drawback-debenture-claim-fForm
2025/05/10 21:26:24 Successfully processed document: c31-duty-drawback-debenture-claim-fForm
2025/05/10 21:26:24 Processing document: c32-temporary-exportation-importation-road-vehicles-within-eac-and-temporary-importaion-from-comesa-sadc
2025/05/10 21:26:30 Successfully processed document: c32-temporary-exportation-importation-road-vehicles-within-eac-and-temporary-importaion-from-comesa-sadc
2025/05/10 21:26:30 Processing document: c33-application-rebate-remission-refund
2025/05/10 21:26:36 Successfully processed document: c33-application-rebate-remission-refund
2025/05/10 21:26:36 Processing document: c34-other-refunds
2025/05/10 21:26:41 Successfully processed document: c34-other-refunds
2025/05/10 21:26:41 Processing document: c35-request-settlement-case
2025/05/10 21:26:46 Successfully processed document: c35-request-settlement-case
2025/05/10 21:26:46 Processing document: c36-declaration-particluars-customs-value
2025/05/10 21:26:57 Successfully processed document: c36-declaration-particluars-customs-value
2025/05/10 21:26:57 Processing document: c37-notice-of-seizure
2025/05/10 21:27:02 Successfully processed document: c37-notice-of-seizure
2025/05/10 21:27:02 Processing document: c38-appliction-payment-process-from-sale-of-goods
2025/05/10 21:27:07 Successfully processed document: c38-appliction-payment-process-from-sale-of-goods
2025/05/10 21:27:07 Processing document: c39-application-licensing-vessels-vehicles-conveyance-goods-under-customs-control
2025/05/10 21:27:12 Successfully processed document: c39-application-licensing-vessels-vehicles-conveyance-goods-under-customs-control
2025/05/10 21:27:12 Processing document: c4-general-declaration-aircraft
2025/05/10 21:27:18 Successfully processed document: c4-general-declaration-aircraft
2025/05/10 21:27:18 Processing document: c40-licence-vehicle-or-vessel-conveying-goods-under-customs-control
2025/05/10 21:27:23 Successfully processed document: c40-licence-vehicle-or-vessel-conveying-goods-under-customs-control
2025/05/10 21:27:23 Processing document: c5-passenger-list
2025/05/10 21:27:28 Successfully processed document: c5-passenger-list
2025/05/10 21:27:28 Processing document: c6-declaration-advice-consumable-stores
2025/05/10 21:27:34 Successfully processed document: c6-declaration-advice-consumable-stores
2025/05/10 21:27:34 Processing document: c7-crew-declaration-form
2025/05/10 21:27:40 Successfully processed document: c7-crew-declaration-form
2025/05/10 21:27:40 Processing document: c8-application-to-break-bulk-prior-to-making-report
2025/05/10 21:27:45 Successfully processed document: c8-application-to-break-bulk-prior-to-making-report
2025/05/10 21:27:45 Processing document: c9-application-to-amend-manifest
2025/05/10 21:27:51 Successfully processed document: c9-application-to-amend-manifest
2025/05/10 21:27:51 Processing document: canada
2025/05/10 21:28:14 Successfully processed document: canada
2025/05/10 21:28:14 Processing document: CB-BOND-TO-SECURE-CUSTOMS-DUTIES
2025/05/10 21:28:19 Successfully processed document: CB-BOND-TO-SECURE-CUSTOMS-DUTIES
2025/05/10 21:28:19 Processing document: CB10-BOND_FOR_THE_RE-EXPORTATION_OF_IMPORTED_GOODS_DELIVERED_WITHOUT_PAYMENT_OF_DUTY
2025/05/10 21:28:27 Successfully processed document: CB10-BOND_FOR_THE_RE-EXPORTATION_OF_IMPORTED_GOODS_DELIVERED_WITHOUT_PAYMENT_OF_DUTY
2025/05/10 21:28:27 Processing document: CB11-BOND_FOR_CUSTOMS_AGENTS
2025/05/10 21:28:32 Successfully processed document: CB11-BOND_FOR_CUSTOMS_AGENTS
2025/05/10 21:28:32 Processing document: CB12-BOND_FOR_THE_CONVEYANCE_OF_GOODS_SUBJECT_TO_CUSTOMS_CONTROL_(1)
2025/05/10 21:28:38 Successfully processed document: CB12-BOND_FOR_THE_CONVEYANCE_OF_GOODS_SUBJECT_TO_CUSTOMS_CONTROL_(1)
2025/05/10 21:28:38 Processing document: CB12-BOND_FOR_THE_CONVEYANCE_OF_GOODS_SUBJECT_TO_CUSTOMS_CONTROL
2025/05/10 21:28:44 Successfully processed document: CB12-BOND_FOR_THE_CONVEYANCE_OF_GOODS_SUBJECT_TO_CUSTOMS_CONTROL
2025/05/10 21:28:44 Processing document: CB4-BONDFOR_EXPORTATION
2025/05/10 21:28:49 Successfully processed document: CB4-BONDFOR_EXPORTATION
2025/05/10 21:28:49 Processing document: CB5-BOND_FOR_SHIPMENT_OF_STORES
2025/05/10 21:28:56 Successfully processed document: CB5-BOND_FOR_SHIPMENT_OF_STORES
2025/05/10 21:28:56 Processing document: CB6-GENERAL_BOND_FOR_SECURITY_OF_WAREHOUSED_GOODS
2025/05/10 21:29:01 Successfully processed document: CB6-GENERAL_BOND_FOR_SECURITY_OF_WAREHOUSED_GOODS
2025/05/10 21:29:01 Processing document: CB7-BOND_FOR_GOODS_TO_BE_SHIPPED_PRIOR_TO_ENTRY
2025/05/10 21:29:07 Successfully processed document: CB7-BOND_FOR_GOODS_TO_BE_SHIPPED_PRIOR_TO_ENTRY
2025/05/10 21:29:07 Processing document: CB8-TRANSIT_BOND
2025/05/10 21:29:13 Successfully processed document: CB8-TRANSIT_BOND
2025/05/10 21:29:13 Processing document: CB9-TRANSHIPMENT_BOND
2025/05/10 21:29:18 Successfully processed document: CB9-TRANSHIPMENT_BOND
2025/05/10 21:29:18 Processing document: CERTIFICATE_OF_GENUINENESS
2025/05/10 21:29:24 Successfully processed document: CERTIFICATE_OF_GENUINENESS
2025/05/10 21:29:24 Processing document: civil-appeal
2025/05/10 21:29:48 Successfully processed document: civil-appeal
2025/05/10 21:29:48 Processing document: Civil_Appeal_No_107_of_2020_Vodacom_Tanzania_PLC_vs_Commissioner_General_TRA
2025/05/10 21:30:13 Successfully processed document: Civil_Appeal_No_107_of_2020_Vodacom_Tanzania_PLC_vs_Commissioner_General_TRA
2025/05/10 21:30:13 Processing document: Civil_Appeal_No_172_of_2020_Pan_African_Energy_Tanzania_Limited_vs_Commissioner_General_TRA
2025/05/10 21:30:39 Successfully processed document: Civil_Appeal_No_172_of_2020_Pan_African_Energy_Tanzania_Limited_vs_Commissioner_General_TRA
2025/05/10 21:30:39 Processing document: Civil_Appeal_No_57_of_2020_Singita_Trading_Store_EA_Limited_vs_Commissioner_General_TRA
2025/05/10 21:31:03 Successfully processed document: Civil_Appeal_No_57_of_2020_Singita_Trading_Store_EA_Limited_vs_Commissioner_General_TRA
2025/05/10 21:31:03 Processing document: CLIENT_SERVICE_CHARTER_-_ENGLISH_2024
2025/05/10 21:31:24 Successfully processed document: CLIENT_SERVICE_CHARTER_-_ENGLISH_2024
2025/05/10 21:31:24 Processing document: Denmark
2025/05/10 21:31:48 Successfully processed document: Denmark
2025/05/10 21:31:48 Processing document: F-ITD-066-B-Customs-System-External-User-Access-Form
2025/05/10 21:31:53 Successfully processed document: F-ITD-066-B-Customs-System-External-User-Access-Form
2025/05/10 21:31:53 Processing document: F-ITD-067-B-Customs-License-Application-System-User-Access-Form
2025/05/10 21:31:59 Successfully processed document: F-ITD-067-B-Customs-License-Application-System-User-Access-Form
2025/05/10 21:31:59 Processing document: Finland
2025/05/10 21:32:23 Successfully processed document: Finland
2025/05/10 21:32:23 Processing document: FORM_2
2025/05/10 21:32:28 Successfully processed document: FORM_2
2025/05/10 21:32:28 Processing document: FORM_I
2025/05/10 21:32:34 Successfully processed document: FORM_I
2025/05/10 21:32:34 Processing document: GUIDE_TO_OBJECTION_AND_APPEALS_PROCEDURES_2022_00000002
2025/05/10 21:32:48 Successfully processed document: GUIDE_TO_OBJECTION_AND_APPEALS_PROCEDURES_2022_00000002
2025/05/10 21:32:48 Processing document: HIGHLIGHT_ON_DIRECTORS_REMUNERATIONS_1
2025/05/10 21:33:02 Successfully processed document: HIGHLIGHT_ON_DIRECTORS_REMUNERATIONS_1
2025/05/10 21:33:02 Processing document: IMPLEMENTATION-OF-AEO-PROGRAM-IN-TANZANIA
2025/05/10 21:33:11 Successfully processed document: IMPLEMENTATION-OF-AEO-PROGRAM-IN-TANZANIA
2025/05/10 21:33:11 Processing document: IMPORTANT_POINTS_TO_BE_CONSIDERED_BY_THE_TAX_PAYER
2025/05/10 21:33:22 Successfully processed document: IMPORTANT_POINTS_TO_BE_CONSIDERED_BY_THE_TAX_PAYER
2025/05/10 21:33:22 Processing document: India
2025/05/10 21:33:46 Successfully processed document: India
2025/05/10 21:33:46 Processing document: Italy
2025/05/10 21:34:10 Successfully processed document: Italy
2025/05/10 21:34:10 Processing document: ITX_240.02.B_-_VAT_monthly_return
2025/05/10 21:34:24 Successfully processed document: ITX_240.02.B_-_VAT_monthly_return
2025/05/10 21:34:24 Processing document: ITX_241.02.B_-_VAT_monthly_return_declaration_of_details
2025/05/10 21:34:29 Successfully processed document: ITX_241.02.B_-_VAT_monthly_return_declaration_of_details
2025/05/10 21:34:29 Processing document: ITX10601E_Storage_Facility_Registration_Form_pdf
2025/05/10 21:34:34 Successfully processed document: ITX10601E_Storage_Facility_Registration_Form_pdf
2025/05/10 21:34:34 Processing document: ITX25101E_Return_of_Money_Transfer_Levy_Form-_updated_1
2025/05/10 21:34:40 Successfully processed document: ITX25101E_Return_of_Money_Transfer_Levy_Form-_updated_1
2025/05/10 21:34:40 Processing document: ITX25801E---forms-1
2025/05/10 21:34:45 Successfully processed document: ITX25801E---forms-1
2025/05/10 21:34:45 Processing document: LIST_OF_EFDVEFD_APPROVED_SUPPLIER__JANUARY_2023
2025/05/10 21:34:50 Successfully processed document: LIST_OF_EFDVEFD_APPROVED_SUPPLIER__JANUARY_2023
2025/05/10 21:34:50 Processing document: MV.10
2025/05/10 21:34:51 No pre-processed chunks found for MV.10, skipping
2025/05/10 21:34:51 Processing document: MV.40
2025/05/10 21:34:52 No pre-processed chunks found for MV.40, skipping
2025/05/10 21:34:52 Processing document: NON-RESIDENT_ELECTRONIC_SERVICE_PROVIDER_-_RETURN_FILING_AND_PAYMENT_USER_MANUAL_2442023_UPDATE
2025/05/10 21:35:11 Successfully processed document: NON-RESIDENT_ELECTRONIC_SERVICE_PROVIDER_-_RETURN_FILING_AND_PAYMENT_USER_MANUAL_2442023_UPDATE
2025/05/10 21:35:11 Processing document: non_profit_organizations_kit_2024
2025/05/10 21:35:34 Successfully processed document: non_profit_organizations_kit_2024
2025/05/10 21:35:34 Processing document: Norway
2025/05/10 21:35:56 Successfully processed document: Norway
2025/05/10 21:35:56 Processing document: OSB-FREQUENTLYASKEDQUESTIONS
2025/05/10 21:36:11 Successfully processed document: OSB-FREQUENTLYASKEDQUESTIONS
2025/05/10 21:36:11 Processing document: Property_Registration_Form
2025/05/10 21:36:17 Successfully processed document: Property_Registration_Form
2025/05/10 21:36:17 Processing document: Questions_and_answers_on_single_customs_territory
2025/05/10 21:36:30 Successfully processed document: Questions_and_answers_on_single_customs_territory
2025/05/10 21:36:30 Processing document: Remission_of_Penalties_and_Interest_User_Guide_Taxpayers
2025/05/10 21:36:35 Successfully processed document: Remission_of_Penalties_and_Interest_User_Guide_Taxpayers
2025/05/10 21:36:35 Processing document: Single_Customs_Territory_brochure
2025/05/10 21:36:45 Successfully processed document: Single_Customs_Territory_brochure
2025/05/10 21:36:45 Processing document: SINGLEWINDOWSYSTEMeng-web
2025/05/10 21:36:56 Successfully processed document: SINGLEWINDOWSYSTEMeng-web
2025/05/10 21:36:56 Processing document: Southafrica
2025/05/10 21:37:15 Error generating Q&A pairs for chunk taxonomy_chunks/Southafrica/Southafrica_selected_4_score_927_words_291.txt: unequal number of questions and answers found
2025/05/10 21:37:19 Successfully processed document: Southafrica
2025/05/10 21:37:19 Processing document: Sweden
2025/05/10 21:37:43 Successfully processed document: Sweden
2025/05/10 21:37:43 Processing document: TANCIS-Brochure
2025/05/10 21:37:53 Successfully processed document: TANCIS-Brochure
2025/05/10 21:37:53 Processing document: Tax_rights_and_obligations_to_diaspora
2025/05/10 21:38:03 Successfully processed document: Tax_rights_and_obligations_to_diaspora
2025/05/10 21:38:03 Processing document: taxconsultantsform
2025/05/10 21:38:06 Error generating Q&A pairs for chunk taxonomy_chunks/taxconsultantsform/taxconsultantsform_selected_1_score_0_words_34.txt: failed to extract any question-answer pairs
2025/05/10 21:38:06 Warning: No chunks were processed for taxconsultantsform
2025/05/10 21:38:06 Processing document: TAXES_AND_DUTIES_2023_-_2024
2025/05/10 21:38:26 Successfully processed document: TAXES_AND_DUTIES_2023_-_2024
2025/05/10 21:38:26 Processing document: TIN-kampuni
2025/05/10 21:38:39 Successfully processed document: TIN-kampuni
2025/05/10 21:38:39 Processing document: TRA_Monthly_Income_Tax_2023_24
2025/05/10 21:38:48 Successfully processed document: TRA_Monthly_Income_Tax_2023_24
2025/05/10 21:38:48 Processing document: UPDATED_EAC_CET_2022_VERSION_JUNE_23_1
2025/05/10 21:39:14 Successfully processed document: UPDATED_EAC_CET_2022_VERSION_JUNE_23_1
2025/05/10 21:39:14 Processing document: USER_GUIDE_DECLARANT_-_AUDIT_FIRM_APPOINTMENT_PROCESS__E_FILING
2025/05/10 21:39:37 Successfully processed document: USER_GUIDE_DECLARANT_-_AUDIT_FIRM_APPOINTMENT_PROCESS__E_FILING
2025/05/10 21:39:37 Processing document: VAT-ON-FINANCIAL--SERVICES-01
2025/05/10 21:39:52 Successfully processed document: VAT-ON-FINANCIAL--SERVICES-01
2025/05/10 21:39:52 Processing document: VAT-ON-TOURISM-SERVICES
2025/05/10 21:40:02 Successfully processed document: VAT-ON-TOURISM-SERVICES
2025/05/10 21:40:02 Processing document: VAT_Refund_User_Guide_Taxpayers
2025/05/10 21:40:20 Successfully processed document: VAT_Refund_User_Guide_Taxpayers
2025/05/10 21:40:20 Processing document: WHT_USER_MANUAL_UPDATED
2025/05/10 21:40:39 Successfully processed document: WHT_USER_MANUAL_UPDATED
2025/05/10 21:40:39 Processing document: Withholding-Tax-on-payment-for-Goods
2025/05/10 21:41:03 Successfully processed document: Withholding-Tax-on-payment-for-Goods
2025/05/10 21:41:03 Processing document: Zambia
2025/05/10 21:41:26 Successfully processed document: Zambia
2025/05/10 21:41:26 Processing document: CHAPER_399-THE_TANZANIA_REVENUE_AUTHORITY_ACT_-_01
2025/05/10 21:41:48 Successfully processed document: CHAPER_399-THE_TANZANIA_REVENUE_AUTHORITY_ACT_-_01
2025/05/10 21:41:48 Processing document: CHAPTER_124-THE_MOTOR_VEHICLES__TAX_ON_REGISTRATION_-_01
2025/05/10 21:42:12 Successfully processed document: CHAPTER_124-THE_MOTOR_VEHICLES__TAX_ON_REGISTRATION_-_01
2025/05/10 21:42:12 Processing document: CHAPTER_147-THE_EXCISE__MANAGEMENT_AND_TARIFF__ACT
2025/05/10 21:42:36 Successfully processed document: CHAPTER_147-THE_EXCISE__MANAGEMENT_AND_TARIFF__ACT
2025/05/10 21:42:36 Processing document: CHAPTER_148-THE_VALUE_ADDED_TAX_ACT-1
2025/05/10 21:43:00 Successfully processed document: CHAPTER_148-THE_VALUE_ADDED_TAX_ACT-1
2025/05/10 21:43:00 Processing document: CHAPTER_220-THE__ROAD_AND_FUELS_TOLLS_ACT2019-01
2025/05/10 21:43:23 Successfully processed document: CHAPTER_220-THE__ROAD_AND_FUELS_TOLLS_ACT2019-01
2025/05/10 21:43:23 Processing document: CHAPTER_264-THE_PORT_SERVICE_CHARGE_ACT-01
2025/05/10 21:43:37 Successfully processed document: CHAPTER_264-THE_PORT_SERVICE_CHARGE_ACT-01
2025/05/10 21:43:37 Processing document: CHAPTER_289-THE_LOCAL_GOVERNMENT_AUTHORITIES__RATING__ACT-01
2025/05/10 21:44:03 Successfully processed document: CHAPTER_289-THE_LOCAL_GOVERNMENT_AUTHORITIES__RATING__ACT-01
2025/05/10 21:44:03 Processing document: CHAPTER_290-THE_LOCAL_GOVERNMENT_FINANCE_ACT-01
2025/05/10 21:44:26 Successfully processed document: CHAPTER_290-THE_LOCAL_GOVERNMENT_FINANCE_ACT-01
2025/05/10 21:44:26 Processing document: CHAPTER_328-THE_OILD_AND_GAS_REVENUES_MANAGEMENT_ACT-01
2025/05/10 21:44:49 Successfully processed document: CHAPTER_328-THE_OILD_AND_GAS_REVENUES_MANAGEMENT_ACT-01
2025/05/10 21:44:49 Processing document: CHAPTER_332-THE_INCOME_TAX_ACT-1
2025/05/10 21:45:13 Successfully processed document: CHAPTER_332-THE_INCOME_TAX_ACT-1
2025/05/10 21:45:13 Processing document: CHAPTER_365-THE_AIRPORT_SERVICE_CHARGE_ACT-01
2025/05/10 21:45:30 Successfully processed document: CHAPTER_365-THE_AIRPORT_SERVICE_CHARGE_ACT-01
2025/05/10 21:45:30 Processing document: CHAPTER_41-THE_GAMING_ACT_167-01
2025/05/10 21:45:52 Successfully processed document: CHAPTER_41-THE_GAMING_ACT_167-01
2025/05/10 21:45:52 Processing document: CHAPTER_438-THE_TAX_ADMINISTRATION_ACT-1
2025/05/10 21:46:15 Successfully processed document: CHAPTER_438-THE_TAX_ADMINISTRATION_ACT-1
2025/05/10 21:46:15 Processing document: EAC_Customs_2011_edited
2025/05/10 21:46:27 Successfully processed document: EAC_Customs_2011_edited
2025/05/10 21:46:27 Processing document: EAC_Customs_Regulations
2025/05/10 21:46:49 Successfully processed document: EAC_Customs_Regulations
2025/05/10 21:46:49 Processing document: EAC-OSBP-REGULATIONS-2017_1
2025/05/10 21:47:08 Successfully processed document: EAC-OSBP-REGULATIONS-2017_1
2025/05/10 21:47:08 Processing document: EACRULESOFORIGIN2015
2025/05/10 21:47:34 Successfully processed document: EACRULESOFORIGIN2015
2025/05/10 21:47:34 Processing document: EAC_Compliance_and_Enforcement[1]
2025/05/10 21:47:36 No pre-processed chunks found for EAC_Compliance_and_Enforcement[1], skipping
2025/05/10 21:47:36 Processing document: EAC_One_Stop_Border_Post_Act_2016_1
2025/05/10 21:47:58 Successfully processed document: EAC_One_Stop_Border_Post_Act_2016_1
2025/05/10 21:47:58 Processing document: EAST_AFRICAN_COMMUNITY_CUSTOMS_MANAGEMENT_(DUTY_REMISSION)
2025/05/10 21:48:20 Successfully processed document: EAST_AFRICAN_COMMUNITY_CUSTOMS_MANAGEMENT_(DUTY_REMISSION)
2025/05/10 21:48:20 Processing document: Finance_Act_2024
2025/05/10 21:48:45 Successfully processed document: Finance_Act_2024
2025/05/10 21:48:45 Processing document: FOREIGN_VEHTRANSIT_CHARGES_ACT_with_amendments_to_2019
2025/05/10 21:49:06 Successfully processed document: FOREIGN_VEHTRANSIT_CHARGES_ACT_with_amendments_to_2019
2025/05/10 21:49:06 Processing document: GN-478K_THE_PUBLIC_FINANCE_AMENDMENT_REGULATIONS_2022
2025/05/10 21:49:12 Successfully processed document: GN-478K_THE_PUBLIC_FINANCE_AMENDMENT_REGULATIONS_2022
2025/05/10 21:49:12 Processing document: GN-478V_THE_NATIONAL_PAYMENT_SYSTEMS_ELECTRONIC_MONEY_TRANSACTION_LEVY_REGULATIONS_2022
2025/05/10 21:49:30 Successfully processed document: GN-478V_THE_NATIONAL_PAYMENT_SYSTEMS_ELECTRONIC_MONEY_TRANSACTION_LEVY_REGULATIONS_2022
2025/05/10 21:49:30 Processing document: GN-478W_THE_TAX_ADMINISTRATION_GENERAL_AMENDMEN_220715_082221
2025/05/10 21:49:49 Successfully processed document: GN-478W_THE_TAX_ADMINISTRATION_GENERAL_AMENDMEN_220715_082221
2025/05/10 21:49:49 Processing document: GN_448W_-THE_VAT_REGISTRATION_OF_NON-RESIDENT_ELECTRONIC_SERVICE_SUPPLIERS_AMENDMENT_REGULATIONS_2023
2025/05/10 21:49:59 Successfully processed document: GN_448W_-THE_VAT_REGISTRATION_OF_NON-RESIDENT_ELECTRONIC_SERVICE_SUPPLIERS_AMENDMENT_REGULATIONS_2023
2025/05/10 21:49:59 Processing document: GN_448X_-THE_INCOME_TAX_REGISTRATION_OF_NON-RESIDENT_ELECTRONIC_SERVICE_SUPPLIERS_AMENDMENT_REGULATIONS_2023
2025/05/10 21:50:10 Successfully processed document: GN_448X_-THE_INCOME_TAX_REGISTRATION_OF_NON-RESIDENT_ELECTRONIC_SERVICE_SUPPLIERS_AMENDMENT_REGULATIONS_2023
2025/05/10 21:50:10 Processing document: GN_448Y_-THE_VALUE_ADDED_TAX_GENERAL_AMENDMENT_REGULATIONS_2023
2025/05/10 21:50:19 Successfully processed document: GN_448Y_-THE_VALUE_ADDED_TAX_GENERAL_AMENDMENT_REGULATIONS_2023
2025/05/10 21:50:19 Processing document: GN_NO_478Q_THE_VALUE_ADDED_TAX_REGISTRATION_OF_NON-RESIDENT_ELECTRONIC_SERVICE_SUPPLIERS_REGULATIONS_2022-1
2025/05/10 21:50:37 Successfully processed document: GN_NO_478Q_THE_VALUE_ADDED_TAX_REGISTRATION_OF_NON-RESIDENT_ELECTRONIC_SERVICE_SUPPLIERS_REGULATIONS_2022-1
2025/05/10 21:50:37 Processing document: GN_NO_478T_THE_GAMING_INTERNET_GAMING_REGULATIONS_2022
2025/05/10 21:51:01 Successfully processed document: GN_NO_478T_THE_GAMING_INTERNET_GAMING_REGULATIONS_2022
2025/05/10 21:51:01 Processing document: GN_NO_478U_THE_INCOME_TAX_REGISTRATION_OF_NON-RESIDENT_ELECTRONIC_SERVICE_PROVIDERS_REGULATIONS_2022
2025/05/10 21:51:18 Successfully processed document: GN_NO_478U_THE_INCOME_TAX_REGISTRATION_OF_NON-RESIDENT_ELECTRONIC_SERVICE_PROVIDERS_REGULATIONS_2022
2025/05/10 21:51:18 Processing document: ROAD_TRAFFIC_ACT_Motor_Vehicle_Regulation
2025/05/10 21:51:24 Successfully processed document: ROAD_TRAFFIC_ACT_Motor_Vehicle_Regulation
2025/05/10 21:51:24 Processing document: Stamp_Duty_Act_amended_to_2019-01
2025/05/10 21:51:47 Successfully processed document: Stamp_Duty_Act_amended_to_2019-01
2025/05/10 21:51:47 Processing document: Subsidiary_legislation_The_Interpretation_of_Laws_TRectification_of_Printing_Errors_The_Finance_Act__2022_Order_2022
2025/05/10 21:51:53 Successfully processed document: Subsidiary_legislation_The_Interpretation_of_Laws_TRectification_of_Printing_Errors_The_Finance_Act__2022_Order_2022
2025/05/10 21:51:53 Processing document: Tax-Admin-General-Amendment-regulations-2017-
2025/05/10 21:51:54 No pre-processed chunks found for Tax-Admin-General-Amendment-regulations-2017-, skipping
2025/05/10 21:51:54 Processing document: Tax_Revenue_Appeals_Act_amended_to_2019-01
2025/05/10 21:52:17 Successfully processed document: Tax_Revenue_Appeals_Act_amended_to_2019-01
2025/05/10 21:52:17 Processing document: TDL-Regulations
2025/05/10 21:52:35 Successfully processed document: TDL-Regulations
2025/05/10 21:52:35 Processing document: THE_EXCISE_(MANAGEMENT_AND_TARIFF)_(LICENSING_AND_ADMINISTRATION
2025/05/10 21:52:40 Successfully processed document: THE_EXCISE_(MANAGEMENT_AND_TARIFF)_(LICENSING_AND_ADMINISTRATION
2025/05/10 21:52:40 Processing document: The_excise_(Management_and_Tariff)_Act
2025/05/10 21:53:02 Successfully processed document: The_excise_(Management_and_Tariff)_Act
2025/05/10 21:53:02 Processing document: THE_GAMING_(AMENDMENT)_REGULATIONS,_2022
2025/05/10 21:53:12 Successfully processed document: THE_GAMING_(AMENDMENT)_REGULATIONS,_2022
2025/05/10 21:53:12 Processing document: The_Hotels_Act
2025/05/10 21:53:34 Successfully processed document: The_Hotels_Act
2025/05/10 21:53:34 Processing document: THE_INCOME_TAX_(EXEMPTION)_(EXPATRIATES_EMPLOYEES)
2025/05/10 21:53:41 Successfully processed document: THE_INCOME_TAX_(EXEMPTION)_(EXPATRIATES_EMPLOYEES)
2025/05/10 21:53:41 Processing document: The_Income_Tax_Regulation
2025/05/10 21:54:04 Successfully processed document: The_Income_Tax_Regulation
2025/05/10 21:54:04 Processing document: THE_LAWS_REVISION_(THE_RECTIFICATION_OF_PRINTING_ERRORS)
2025/05/10 21:54:10 Successfully processed document: THE_LAWS_REVISION_(THE_RECTIFICATION_OF_PRINTING_ERRORS)
2025/05/10 21:54:10 Processing document: THE_TAX_ADMINISTRATION_(REMISSION_OF_INTERESTS_AND_PENALTIES)
2025/05/10 21:54:15 Successfully processed document: THE_TAX_ADMINISTRATION_(REMISSION_OF_INTERESTS_AND_PENALTIES)
2025/05/10 21:54:15 Processing document: THE_VALUE_ADDED_TAX_(EXEMPTION_MANAGEMENT_PROCEDURES)_REGULATIONS,
2025/05/10 21:54:38 Successfully processed document: THE_VALUE_ADDED_TAX_(EXEMPTION_MANAGEMENT_PROCEDURES)_REGULATIONS,
2025/05/10 21:54:38 Processing document: THE_VALUE_ADDED_TAX_(GENERAL)_(AMENDMENT)_REGULATIONS,_2021
2025/05/10 21:54:44 Successfully processed document: THE_VALUE_ADDED_TAX_(GENERAL)_(AMENDMENT)_REGULATIONS,_2021
2025/05/10 21:54:44 Processing document: The-Fire-and-Rescue-Force-Act-regulation-
2025/05/10 21:54:44 No pre-processed chunks found for The-Fire-and-Rescue-Force-Act-regulation-, skipping
2025/05/10 21:54:44 Processing document: The-Road-Traffic-Motor-Vehicles-REgistration-Amendment-1
2025/05/10 21:54:45 No pre-processed chunks found for The-Road-Traffic-Motor-Vehicles-REgistration-Amendment-1, skipping
2025/05/10 21:54:45 Processing document: THE_CUSTOMS_MANAGEMENT_AND_TARIFF_ACT_RE_2019
2025/05/10 21:55:09 Successfully processed document: THE_CUSTOMS_MANAGEMENT_AND_TARIFF_ACT_RE_2019
2025/05/10 21:55:09 Processing document: THE_EAST_AFRICAN_COMMUNITY_CUSTOMS_MANAGEMENT_ACT_RE_2017
2025/05/10 21:55:31 Successfully processed document: THE_EAST_AFRICAN_COMMUNITY_CUSTOMS_MANAGEMENT_ACT_RE_2017
2025/05/10 21:55:31 Processing document: THE_ELECTRONIC_TAX_STAMPS_REGULATIONS_2018_Docs_1
2025/05/10 21:55:32 No pre-processed chunks found for THE_ELECTRONIC_TAX_STAMPS_REGULATIONS_2018_Docs_1, skipping
2025/05/10 21:55:32 Processing document: THE_GAMING_AMENDMENT_REGULATIONS_2023
2025/05/10 21:55:38 Successfully processed document: THE_GAMING_AMENDMENT_REGULATIONS_2023
2025/05/10 21:55:38 Processing document: THE_INCOME_TAX_TRANSFER_PRICING_REGULATIONS_2014
2025/05/10 21:56:00 Successfully processed document: THE_INCOME_TAX_TRANSFER_PRICING_REGULATIONS_2014
2025/05/10 21:56:00 Processing document: THE_TAX_ADMINISTRATIONREGISTRATION_OF_SMALL_VENDORS_AND_SERVICE_PROVIDERS_REGULATIONS_2020
2025/05/10 21:56:10 Successfully processed document: THE_TAX_ADMINISTRATIONREGISTRATION_OF_SMALL_VENDORS_AND_SERVICE_PROVIDERS_REGULATIONS_2020
2025/05/10 21:56:10 Processing document: THE_VOCATIONAL_EDUCATION_AND_TRAINING_ACT_RE_2019
2025/05/10 21:56:32 Successfully processed document: THE_VOCATIONAL_EDUCATION_AND_TRAINING_ACT_RE_2019
2025/05/10 21:56:32 Processing document: TP_Guideline
2025/05/10 21:56:55 Successfully processed document: TP_Guideline
2025/05/10 21:56:55 Processing document: Value-Added-Tax-General-Amendment-Regulations-2018--new-version
2025/05/10 21:57:13 Successfully processed document: Value-Added-Tax-General-Amendment-Regulations-2018--new-version
2025/05/10 21:57:13 Skipping already completed document: Finance_Act_2024
2025/05/10 21:57:13 Processing document: laws_list
2025/05/10 21:57:18 Successfully processed document: laws_list
2025/05/10 21:57:18 Skipping already completed document: TRA_Monthly_Income_Tax_2023_24
2025/05/10 21:57:18 Processing document: tz-act-2020-8-publication-document
2025/05/10 21:57:43 Successfully processed document: tz-act-2020-8-publication-document
2025/05/10 21:57:43 Processing document: tz-act-2021-3-publication-document
2025/05/10 21:58:07 Successfully processed document: tz-act-2021-3-publication-document
2025/05/10 21:58:07 Processing document: tz-act-2022-5-publication-document
2025/05/10 21:58:30 Successfully processed document: tz-act-2022-5-publication-document
2025/05/10 21:58:30 Processing document: tz-act-2023-7-publication-document
2025/05/10 21:58:55 Successfully processed document: tz-act-2023-7-publication-document
2025/05/10 21:58:55 Processing document: CSOs-TAX-COMPLIANCE-TOOLKIT-A5-_opt(1)
2025/05/10 21:59:18 Successfully processed document: CSOs-TAX-COMPLIANCE-TOOLKIT-A5-_opt(1)
2025/05/10 21:59:18 Processing document: Tax_Guide_for_Contractors_in_Tanzania
2025/05/10 21:59:38 Successfully processed document: Tax_Guide_for_Contractors_in_Tanzania
2025/05/10 21:59:38 Processing document: Taxation_of_Specialized_industries
2025/05/10 22:00:03 Successfully processed document: Taxation_of_Specialized_industries
2025/05/10 22:00:03 Processing document: Applicable_Taxes_Overview
2025/05/10 22:00:23 Successfully processed document: Applicable_Taxes_Overview
2025/05/10 22:00:23 Processing document: Calculations_for_Capital_Gains_Tax
2025/05/10 22:00:46 Successfully processed document: Calculations_for_Capital_Gains_Tax
2025/05/10 22:00:46 Processing document: Calculations_for_Corporate_Income_Tax
2025/05/10 22:01:11 Successfully processed document: Calculations_for_Corporate_Income_Tax
2025/05/10 22:01:11 Processing document: Calculations_for_Customs_Duty
2025/05/10 22:01:35 Successfully processed document: Calculations_for_Customs_Duty
2025/05/10 22:01:35 Processing document: Calculations_for_Excise_Duty
2025/05/10 22:02:00 Successfully processed document: Calculations_for_Excise_Duty
2025/05/10 22:02:00 Processing document: Calculations_for_Pay_As_You_Earn
2025/05/10 22:02:23 Successfully processed document: Calculations_for_Pay_As_You_Earn
2025/05/10 22:02:23 Processing document: Calculations_for_Skills_Development_Levy_SDL
2025/05/10 22:02:46 Successfully processed document: Calculations_for_Skills_Development_Levy_SDL
2025/05/10 22:02:46 Processing document: Calculations_for_Stamp_Duty
2025/05/10 22:03:10 Successfully processed document: Calculations_for_Stamp_Duty
2025/05/10 22:03:10 Processing document: Calculations_for_Value_Added_Tax
2025/05/10 22:03:36 Successfully processed document: Calculations_for_Value_Added_Tax
2025/05/10 22:03:36 Processing document: Calculations_for_Withholding_tax
2025/05/10 22:04:01 Successfully processed document: Calculations_for_Withholding_tax
2025/05/10 22:04:01 Processing document: Tanzania_Tax_Sumary
2025/05/10 22:04:24 Successfully processed document: Tanzania_Tax_Sumary
2025/05/10 22:04:24 Processing document: Tax_Updates_2024
2025/05/10 22:04:42 Successfully processed document: Tax_Updates_2024
2025/05/10 22:04:42 Processing document: Ace_Distributors_Ltd_vs_Commissioner_General_Tanzania_Revenue_Authority_(Civil_Application_No_16320_of_2018)_2018_TZCA_43_(28_June_2018)
2025/05/10 22:04:57 Successfully processed document: Ace_Distributors_Ltd_vs_Commissioner_General_Tanzania_Revenue_Authority_(Civil_Application_No_16320_of_2018)_2018_TZCA_43_(28_June_2018)
2025/05/10 22:04:57 Processing document: Aitel_Tanzania_Ltd_vs_Tanzania_Revenue_Authority_(Civil_Application_No_148_of_2014)_2016_TZCA_821_(24_June_2016)
2025/05/10 22:05:07 Successfully processed document: Aitel_Tanzania_Ltd_vs_Tanzania_Revenue_Authority_(Civil_Application_No_148_of_2014)_2016_TZCA_821_(24_June_2016)
2025/05/10 22:05:07 Processing document: Alliance_One_Tobacco_Tanzania_Limited_vs_Commissioner_General_(TRA)_(Civil_Appeal_No_118_of_2018)_2019_TZCA_242_(7_August_2019)
2025/05/10 22:05:32 Successfully processed document: Alliance_One_Tobacco_Tanzania_Limited_vs_Commissioner_General_(TRA)_(Civil_Appeal_No_118_of_2018)_2019_TZCA_242_(7_August_2019)
2025/05/10 22:05:32 Processing document: Atlas_Copco_Tanzania_Ltd_vs_Commissioner_General_Tanzania_Revenue_Authority_(Civil_Appeal_No_167_of_2019)_2020_TZCA_317_(17_June_2020)
2025/05/10 22:05:55 Successfully processed document: Atlas_Copco_Tanzania_Ltd_vs_Commissioner_General_Tanzania_Revenue_Authority_(Civil_Appeal_No_167_of_2019)_2020_TZCA_317_(17_June_2020)
2025/05/10 22:05:55 Processing document: Bin_Johar_General_Trading_LLC_vs_The_Commissioner_General_(T)_Revenue_Authority_and_2_Others_(Miscellaneous_Cause_No_35_of_2006)_2007_TZHCComD_39_(14_February_2007)
2025/05/10 22:06:14 Successfully processed document: Bin_Johar_General_Trading_LLC_vs_The_Commissioner_General_(T)_Revenue_Authority_and_2_Others_(Miscellaneous_Cause_No_35_of_2006)_2007_TZHCComD_39_(14_February_2007)
2025/05/10 22:06:14 Processing document: Bryson_Bwire_Mbonde_vs_Tanzania_Revenue_Authority_(Civil_Appeal_No_88_of_2018)_2021_TZCA_280_(5_July_2021)
2025/05/10 22:06:38 Successfully processed document: Bryson_Bwire_Mbonde_vs_Tanzania_Revenue_Authority_(Civil_Appeal_No_88_of_2018)_2021_TZCA_280_(5_July_2021)
2025/05/10 22:06:38 Processing document: Celtel_Tanzania_Limited_vs_Commissioner_General_Tanzania_Revenue_Authority_(Civil_Appeal_No_56_of_2018)_2019_TZCA_563_(6_May_2019)
2025/05/10 22:07:03 Successfully processed document: Celtel_Tanzania_Limited_vs_Commissioner_General_Tanzania_Revenue_Authority_(Civil_Appeal_No_56_of_2018)_2019_TZCA_563_(6_May_2019)
2025/05/10 22:07:03 Processing document: Commissioner_General_(TRA)_vs_Pan_African_Energy_Tanzania_Limited_(Civil_Appeal_No_146_of_2015)_2016_TZCA_807_(16_May_2016)
2025/05/10 22:07:27 Successfully processed document: Commissioner_General_(TRA)_vs_Pan_African_Energy_Tanzania_Limited_(Civil_Appeal_No_146_of_2015)_2016_TZCA_807_(16_May_2016)
2025/05/10 22:07:27 Processing document: Commissioner_General_Tanzania_Revenue_Authority_Another_vs_Milambo_Limited_(Civil_Appeal_62_of_2022)_2022_TZCA_348_(14_June_2022)
2025/05/10 22:07:52 Successfully processed document: Commissioner_General_Tanzania_Revenue_Authority_Another_vs_Milambo_Limited_(Civil_Appeal_62_of_2022)_2022_TZCA_348_(14_June_2022)
2025/05/10 22:07:52 Processing document: Commissioner_General_Tanzania_Revenue_Authority_TRA_vs_Aggreko_International_Projects_Ltd_(Civil_Appeal_No_148_of_2018)_2019_TZCA_178_(4_June_2019)
2025/05/10 22:08:15 Successfully processed document: Commissioner_General_Tanzania_Revenue_Authority_TRA_vs_Aggreko_International_Projects_Ltd_(Civil_Appeal_No_148_of_2018)_2019_TZCA_178_(4_June_2019)
2025/05/10 22:08:15 Processing document: Commissioner_General_Tanzania_Revenue_Authority_vs_Jsc_AtomredmeTZoloto_(armz)_(Civil_Appeal_No_100_of_2017)_2017_TZCA_158_(3_November_2017)
2025/05/10 22:08:38 Successfully processed document: Commissioner_General_Tanzania_Revenue_Authority_vs_Jsc_AtomredmeTZoloto_(armz)_(Civil_Appeal_No_100_of_2017)_2017_TZCA_158_(3_November_2017)
2025/05/10 22:08:38 Processing document: Commissioner_General_Tanzania_Revenue_Authority_vs_Jsc_AtomredmeTZoloto_(armz)_(Consolidated_Civil_Appeals_No_78_of_2018)_2019_TZCA_533_(29_April_2019)
2025/05/10 22:09:01 Successfully processed document: Commissioner_General_Tanzania_Revenue_Authority_vs_Jsc_AtomredmeTZoloto_(armz)_(Consolidated_Civil_Appeals_No_78_of_2018)_2019_TZCA_533_(29_April_2019)
2025/05/10 22:09:01 Processing document: Commissioner_General_Tanzania_Revenue_Authority_vs_New_Musoma_Textiles_Ltd_(Civil_Appeal_No_119_of_2019)_2020_TZCA_284_(9_June_2020)
2025/05/10 22:09:27 Successfully processed document: Commissioner_General_Tanzania_Revenue_Authority_vs_New_Musoma_Textiles_Ltd_(Civil_Appeal_No_119_of_2019)_2020_TZCA_284_(9_June_2020)
2025/05/10 22:09:27 Processing document: Commissioner_General_of_Tanzania_Revenue_Authority_Another_vs_Urban_J_Mtui_(Civil_Application_532_of_2021)_2023_TZCA_17264_(18_May_2023)
2025/05/10 22:09:47 Successfully processed document: Commissioner_General_of_Tanzania_Revenue_Authority_Another_vs_Urban_J_Mtui_(Civil_Application_532_of_2021)_2023_TZCA_17264_(18_May_2023)
2025/05/10 22:09:47 Processing document: Commissioner_General_of_Tanzania_Revenue_Authority_Another_vs_Urban_J_Mtui_(Civil_Application_532_of_2021)_2023_TZCA_17264_(18_May_2023)_(1)
2025/05/10 22:10:06 Successfully processed document: Commissioner_General_of_Tanzania_Revenue_Authority_Another_vs_Urban_J_Mtui_(Civil_Application_532_of_2021)_2023_TZCA_17264_(18_May_2023)_(1)
2025/05/10 22:10:06 Processing document: D_B_Shapriya_versus_Tanzania_Revenue_Authority_(TRA)_another_(Misc_Civil_Application_no_493_of_2023)_2023_TZHC_21615_(29_September_2023)
2025/05/10 22:10:31 Successfully processed document: D_B_Shapriya_versus_Tanzania_Revenue_Authority_(TRA)_another_(Misc_Civil_Application_no_493_of_2023)_2023_TZHC_21615_(29_September_2023)
2025/05/10 22:10:31 Processing document: D_B_Shapriya_versus_Tanzania_Revenue_Authority_(TRA)_another_(Misc_Civil_Application_no_493_of_2023)_2023_TZHC_21615_(29_September_2023)_(1)
2025/05/10 22:10:56 Successfully processed document: D_B_Shapriya_versus_Tanzania_Revenue_Authority_(TRA)_another_(Misc_Civil_Application_no_493_of_2023)_2023_TZHC_21615_(29_September_2023)_(1)
2025/05/10 22:10:56 Processing document: East_African_Community_Customs_Management_Act,_2004_(Revised_Edition_2019)
2025/05/10 22:11:18 Successfully processed document: East_African_Community_Customs_Management_Act,_2004_(Revised_Edition_2019)
2025/05/10 22:11:18 Processing document: Etablissments_Maurel_Prom_vs_Commissioner_General_Tanzania_Revenue_Authority_(Civil_Appeal_No_391_of_2020)_2021_TZCA_629_(2_November_2021)
2025/05/10 22:11:43 Successfully processed document: Etablissments_Maurel_Prom_vs_Commissioner_General_Tanzania_Revenue_Authority_(Civil_Appeal_No_391_of_2020)_2021_TZCA_629_(2_November_2021)
2025/05/10 22:11:43 Processing document: Feet_Monitoring_system_Limited_(_Uganda)_vs_Tanzania_Revenue_Authority_Another_(Misc_Application_Cause_73_of_2021)_2022_TZHCComD_46_(14_February_2022)
2025/05/10 22:11:52 Successfully processed document: Feet_Monitoring_system_Limited_(_Uganda)_vs_Tanzania_Revenue_Authority_Another_(Misc_Application_Cause_73_of_2021)_2022_TZHCComD_46_(14_February_2022)
2025/05/10 22:11:52 Processing document: Game_Discount_World_Tanzania_vs_The_Commissioner_General_Tanzania_Revenue_Authority_(Civil_Appeal_No_22_of_2022)_2023_TZCA_17755_(13_October_2023)
2025/05/10 22:12:15 Successfully processed document: Game_Discount_World_Tanzania_vs_The_Commissioner_General_Tanzania_Revenue_Authority_(Civil_Appeal_No_22_of_2022)_2023_TZCA_17755_(13_October_2023)
2025/05/10 22:12:15 Processing document: Game_Discount_World_Tanzania_vs_The_Commissioner_General_Tanzania_Revenue_Authority_(Civil_Appeal_No_22_of_2022)_2023_TZCA_17755_(13_October_2023)_(1)
2025/05/10 22:12:39 Successfully processed document: Game_Discount_World_Tanzania_vs_The_Commissioner_General_Tanzania_Revenue_Authority_(Civil_Appeal_No_22_of_2022)_2023_TZCA_17755_(13_October_2023)_(1)
2025/05/10 22:12:39 Processing document: Geita_Gold_Mine_Ltd_vs_Commissioner_General_Tanzania_Revenue_Authority_(Civil_Appeal_No_89_of_2019)_2020_TZCA_292_(15_June_2020)
2025/05/10 22:13:03 Successfully processed document: Geita_Gold_Mine_Ltd_vs_Commissioner_General_Tanzania_Revenue_Authority_(Civil_Appeal_No_89_of_2019)_2020_TZCA_292_(15_June_2020)
2025/05/10 22:13:03 Processing document: Geita_Gold_Mine_Ltd_vs_Commissioner_General_Tanzania_Revenue_Authority_(Civil_Appeal_No_90_of_2019)_2020_TZCA_285_(10_June_2020)
2025/05/10 22:13:27 Successfully processed document: Geita_Gold_Mine_Ltd_vs_Commissioner_General_Tanzania_Revenue_Authority_(Civil_Appeal_No_90_of_2019)_2020_TZCA_285_(10_June_2020)
2025/05/10 22:13:27 Processing document: Geita_Gold_Mining_Limited_vs_Commissioner_General_Tanzania_Revenue_Authority_(Civil_Appeal_No_181_of_2020)_2021_TZCA_626_(2_November_2021)
2025/05/10 22:13:52 Successfully processed document: Geita_Gold_Mining_Limited_vs_Commissioner_General_Tanzania_Revenue_Authority_(Civil_Appeal_No_181_of_2020)_2021_TZCA_626_(2_November_2021)
2025/05/10 22:13:52 Processing document: Geita_Gold_Mining_Ltd_vs_Commissioner_General_Tanzania_Revenue_Authority_(Civil_Appeal_No_132_of_2015)_2019_TZCA_177_(25_June_2019)
2025/05/10 22:14:17 Successfully processed document: Geita_Gold_Mining_Ltd_vs_Commissioner_General_Tanzania_Revenue_Authority_(Civil_Appeal_No_132_of_2015)_2019_TZCA_177_(25_June_2019)
2025/05/10 22:14:17 Processing document: Geita_Gold_Mining_Ltd_vs_Commissioner_General_Tanzania_Revenue_Authority_(Civil_Application_No_389_of_2017)_2019_TZCA_75_(4_April_2019)
2025/05/10 22:14:26 Successfully processed document: Geita_Gold_Mining_Ltd_vs_Commissioner_General_Tanzania_Revenue_Authority_(Civil_Application_No_389_of_2017)_2019_TZCA_75_(4_April_2019)
2025/05/10 22:14:26 Processing document: Hellenic_Foundation_of_Tanzania_Ltd_ta_St_Constantines_International_School_vs_Commissioner_General_Tanzania_Authority_(Civil_Appeal_No_255_of_2020)_2021_TZCA_648_(4_November_2021)
2025/05/10 22:14:49 Successfully processed document: Hellenic_Foundation_of_Tanzania_Ltd_ta_St_Constantines_International_School_vs_Commissioner_General_Tanzania_Authority_(Civil_Appeal_No_255_of_2020)_2021_TZCA_648_(4_November_2021)
2025/05/10 22:14:49 Processing document: ITX245.02.E_-_Application_for_Registration
2025/05/10 22:14:55 Successfully processed document: ITX245.02.E_-_Application_for_Registration
2025/05/10 22:14:55 Processing document: ITX246.02.E_-_Application_for_Cancelation_of_VAT_Registration
2025/05/10 22:15:01 Successfully processed document: ITX246.02.E_-_Application_for_Cancelation_of_VAT_Registration
2025/05/10 22:15:01 Processing document: ITX247.02.E_-_Application_For_VAT_Deferment
2025/05/10 22:15:06 Successfully processed document: ITX247.02.E_-_Application_For_VAT_Deferment
2025/05/10 22:15:06 Processing document: ITX260.02.E_-_Application_for_Fund_Refund_of_Negative_net_amount
2025/05/10 22:15:12 Successfully processed document: ITX260.02.E_-_Application_for_Fund_Refund_of_Negative_net_amount
2025/05/10 22:15:12 Processing document: ITX261.02.E_-_Checklist_for_the_claimants_of_negative_amount
2025/05/10 22:15:17 Successfully processed document: ITX261.02.E_-_Checklist_for_the_claimants_of_negative_amount
2025/05/10 22:15:17 Processing document: ITX262.02.E_-_Claim_for_refund_of_VAT
2025/05/10 22:15:23 Successfully processed document: ITX262.02.E_-_Claim_for_refund_of_VAT
2025/05/10 22:15:23 Processing document: ITX263.02.E_-_Application_For_Utilization_Of_VAT_Relief
2025/05/10 22:15:29 Successfully processed document: ITX263.02.E_-_Application_For_Utilization_Of_VAT_Relief
2025/05/10 22:15:29 Processing document: ITX264.02.E_-_Adjustment_Notes
2025/05/10 22:15:36 Successfully processed document: ITX264.02.E_-_Adjustment_Notes
2025/05/10 22:15:36 Processing document: ITX266.02.E_-_Notification_For_Input_Tax_Credit
2025/05/10 22:15:41 Successfully processed document: ITX266.02.E_-_Notification_For_Input_Tax_Credit
2025/05/10 22:15:41 Processing document: Islam_Saleh_Nahdi_Ltd_vs_The_Commissioner_General_(T)_Revenue_Authority_2_Others_(Commercial_Case_No_19_of_2009)_2009_TZHCComD_18_(14_December_2009)
2025/05/10 22:16:01 Successfully processed document: Islam_Saleh_Nahdi_Ltd_vs_The_Commissioner_General_(T)_Revenue_Authority_2_Others_(Commercial_Case_No_19_of_2009)_2009_TZHCComD_18_(14_December_2009)
2025/05/10 22:16:01 Processing document: Islam_Saleh_Nahdi_Ltd_vs_The_Commissioner_General_(T)_Revenue_Authority_2_Others_(Misc_Civil_Cause_No_5_Of_2010)_2010_TZHCComD_34_(24_September_2010)
2025/05/10 22:16:25 Successfully processed document: Islam_Saleh_Nahdi_Ltd_vs_The_Commissioner_General_(T)_Revenue_Authority_2_Others_(Misc_Civil_Cause_No_5_Of_2010)_2010_TZHCComD_34_(24_September_2010)
2025/05/10 22:16:25 Processing document: John_Epimaki_Kessy_vs_Commissioner_General_Tanzania_Revenue_Authority_(Civil_Appeal_No_388_of_2020)_2021_TZCA_627_(2_November_2021)
2025/05/10 22:16:50 Successfully processed document: John_Epimaki_Kessy_vs_Commissioner_General_Tanzania_Revenue_Authority_(Civil_Appeal_No_388_of_2020)_2021_TZCA_627_(2_November_2021)
2025/05/10 22:16:50 Processing document: KCB_Bank_Tanzania_Limited_vs_The_Commissioner_General_Tanzania_Revenue_Authority_(Civil_Appeal_No_95_of_2015)_2016_TZCA_764_(23_February_2016)
2025/05/10 22:17:02 Successfully processed document: KCB_Bank_Tanzania_Limited_vs_The_Commissioner_General_Tanzania_Revenue_Authority_(Civil_Appeal_No_95_of_2015)_2016_TZCA_764_(23_February_2016)
2025/05/10 22:17:02 Processing document: Kilombero_Sugar_Co_Ltd_vs_Commissioner_General_(TRA)_(Civil_Appeal_No_261_of_2018)_2020_TZCA_308_(19_June_2020)
2025/05/10 22:17:26 Successfully processed document: Kilombero_Sugar_Co_Ltd_vs_Commissioner_General_(TRA)_(Civil_Appeal_No_261_of_2018)_2020_TZCA_308_(19_June_2020)
2025/05/10 22:17:26 Processing document: Kilombero_Sugar_Company_Limited_vs_Commissioner_General_Tanzania_Authority_(Civil_Appeal_No_5_of_2015)_2016_TZCA_854_(22_August_2016)
2025/05/10 22:17:47 Successfully processed document: Kilombero_Sugar_Company_Limited_vs_Commissioner_General_Tanzania_Authority_(Civil_Appeal_No_5_of_2015)_2016_TZCA_854_(22_August_2016)
2025/05/10 22:17:47 Processing document: MVAL_Qadery_4_Another_vs_Commissioner_of_Customs_and_Excise_(T)_Revenue_Authority_(Commercial_Case_No_9_of_2004)_2004_TZHCComD_63_(8_June_2004)
2025/05/10 22:18:06 Successfully processed document: MVAL_Qadery_4_Another_vs_Commissioner_of_Customs_and_Excise_(T)_Revenue_Authority_(Commercial_Case_No_9_of_2004)_2004_TZHCComD_63_(8_June_2004)
2025/05/10 22:18:06 Processing document: Mantra_Tanzania_Ltd_vs_The_Commissioner_General_Tanzania_Revenue_Authority_(Civil_Appeal_No_430_of_2020)_2021_TZCA_657_(5_November_2021)
2025/05/10 22:18:30 Successfully processed document: Mantra_Tanzania_Ltd_vs_The_Commissioner_General_Tanzania_Revenue_Authority_(Civil_Appeal_No_430_of_2020)_2021_TZCA_657_(5_November_2021)
2025/05/10 22:18:30 Processing document: Marie_Stopes_(T)_Ltd_vs_The_Commissioner_General_(T)_Revenue_Authority_Another_(Commercial_Case_No_10_of_2004)_2004_TZHCComD_64_(7_May_2004)
2025/05/10 22:18:55 Successfully processed document: Marie_Stopes_(T)_Ltd_vs_The_Commissioner_General_(T)_Revenue_Authority_Another_(Commercial_Case_No_10_of_2004)_2004_TZHCComD_64_(7_May_2004)
2025/05/10 22:18:55 Processing document: Mbeya_Intertrade_Company_Limited_vs_The_Commissioner_General_Tanzania_Revenue_Authority_(Civil_Appeal_No_63_of_2016)_2016_TZCA_840_(3_October_2016)
2025/05/10 22:19:09 Successfully processed document: Mbeya_Intertrade_Company_Limited_vs_The_Commissioner_General_Tanzania_Revenue_Authority_(Civil_Appeal_No_63_of_2016)_2016_TZCA_840_(3_October_2016)
2025/05/10 22:19:09 Processing document: National_Bank_of_Commerce_Ltd_vs_Commissioner_General_Tanzania_Revenue_Authority_(Civil_Appeal_No_251_of_2018)_2020_TZCA_309_(16_June_2020)
2025/05/10 22:19:35 Successfully processed document: National_Bank_of_Commerce_Ltd_vs_Commissioner_General_Tanzania_Revenue_Authority_(Civil_Appeal_No_251_of_2018)_2020_TZCA_309_(16_June_2020)
2025/05/10 22:19:35 Processing document: National_Microfinance_Bank_T_Ltd_vs_Commissioner_General_Tanzania_Revenue_Authority_(Civil_Appeal_No_168_of_2018)_2019_TZCA_182_(1_July_2019)
2025/05/10 22:19:59 Successfully processed document: National_Microfinance_Bank_T_Ltd_vs_Commissioner_General_Tanzania_Revenue_Authority_(Civil_Appeal_No_168_of_2018)_2019_TZCA_182_(1_July_2019)
2025/05/10 22:19:59 Processing document: Panafrican_Energy_Tanzania_Ltd_vs_Commissioner_General_Tanzania_Revenue_Authority_(Civil_Application_No_449_of_2019)_2019_TZCA_568_(1_November_2019)
2025/05/10 22:20:09 Successfully processed document: Panafrican_Energy_Tanzania_Ltd_vs_Commissioner_General_Tanzania_Revenue_Authority_(Civil_Application_No_449_of_2019)_2019_TZCA_568_(1_November_2019)
2025/05/10 22:20:09 Processing document: Panafrican_Tanzania_Limited_vs_Commissioner_General_Tanzania_Revenue_Authority_(Civil_Appeal_No_426_of_2020)_2021_TZCA_630_(2_November_2021)
2025/05/10 22:20:33 Successfully processed document: Panafrican_Tanzania_Limited_vs_Commissioner_General_Tanzania_Revenue_Authority_(Civil_Appeal_No_426_of_2020)_2021_TZCA_630_(2_November_2021)
2025/05/10 22:20:33 Processing document: Prosper_Ndesokia_Another_vs_Commissioner_General_Tanzania_Revenue_Authority_Another_(Misc_Land_Application_973_of_2017)_2018_TZHCLandD_453_(13_July_2018)
2025/05/10 22:20:43 Successfully processed document: Prosper_Ndesokia_Another_vs_Commissioner_General_Tanzania_Revenue_Authority_Another_(Misc_Land_Application_973_of_2017)_2018_TZHCLandD_453_(13_July_2018)
2025/05/10 22:20:43 Processing document: Resolute_(T)_Ltd_vs_Commissioner_General_(T)_Revenue_Authority_(Misc_Commercial_Cause_No_27_of_2005)_2005_TZHCComD_47_(2_September_2005)
2025/05/10 22:21:05 Successfully processed document: Resolute_(T)_Ltd_vs_Commissioner_General_(T)_Revenue_Authority_(Misc_Commercial_Cause_No_27_of_2005)_2005_TZHCComD_47_(2_September_2005)
2025/05/10 22:21:05 Processing document: Sbc_Tanzania_Limited_vs_Commissioner_General_of_Tanzania_Authority_(Civil_Appeal_No_54_of_2013)_2016_TZCA_864_(22_August_2016)
2025/05/10 22:21:21 Successfully processed document: Sbc_Tanzania_Limited_vs_Commissioner_General_of_Tanzania_Authority_(Civil_Appeal_No_54_of_2013)_2016_TZCA_864_(22_August_2016)
2025/05/10 22:21:21 Processing document: School_of_St_Jude_Ltd_vs_The_Commissioner_General_Tanzania_Revenue_Authority_(Civil_Appeal_No_21_of_2018)_2018_TZCA_49_(10_July_2018)
2025/05/10 22:21:49 Successfully processed document: School_of_St_Jude_Ltd_vs_The_Commissioner_General_Tanzania_Revenue_Authority_(Civil_Appeal_No_21_of_2018)_2018_TZCA_49_(10_July_2018)
2025/05/10 22:21:49 Processing document: Shana_General_Store_Another_vs_Commissioner_General_Tanzania_Revenue_Authority_(Civil_Appeal_No_308_of_2020)_2021_TZCA_635_(3_November_2021)
2025/05/10 22:22:13 Successfully processed document: Shana_General_Store_Another_vs_Commissioner_General_Tanzania_Revenue_Authority_(Civil_Appeal_No_308_of_2020)_2021_TZCA_635_(3_November_2021)
2025/05/10 22:22:13 Processing document: Shana_General_Store_Limited_vs_The_Commissioner_General_Tanzania_Revenue_Authority_(Civil_Appeal_No_392_of_2020)_2021_TZCA_633_(3_November_2021)
2025/05/10 22:22:37 Successfully processed document: Shana_General_Store_Limited_vs_The_Commissioner_General_Tanzania_Revenue_Authority_(Civil_Appeal_No_392_of_2020)_2021_TZCA_633_(3_November_2021)
2025/05/10 22:22:37 Processing document: Shana_General_Stores_Limited_vs_Commissioner_General_(TRA)_(Civil_Appeal_No_369_of_2020)_2021_TZCA_643_(4_November_2021)
2025/05/10 22:23:02 Successfully processed document: Shana_General_Stores_Limited_vs_Commissioner_General_(TRA)_(Civil_Appeal_No_369_of_2020)_2021_TZCA_643_(4_November_2021)
2025/05/10 22:23:02 Processing document: Shoprite_Chackers_T_Limited_vs_The_Commissioner_General_Tanzania_Revenue_Authority_(Civil_Appeal_307_No_of_2020)_2021_TZCA_622_(29_October_2021)
2025/05/10 22:23:26 Successfully processed document: Shoprite_Chackers_T_Limited_vs_The_Commissioner_General_Tanzania_Revenue_Authority_(Civil_Appeal_307_No_of_2020)_2021_TZCA_622_(29_October_2021)
2025/05/10 22:23:26 Processing document: Shoprite_Checkers_Tanzania_Limited_vs_Commissioner_General_of_Tanzania_Revenue_Authority_(Civil_Application_No358_of_2021)_2023_TZCA_17379_(3_July_2023)
2025/05/10 22:23:45 Successfully processed document: Shoprite_Checkers_Tanzania_Limited_vs_Commissioner_General_of_Tanzania_Revenue_Authority_(Civil_Application_No358_of_2021)_2023_TZCA_17379_(3_July_2023)
2025/05/10 22:23:45 Processing document: Shoprite_Checkers_Tanzania_Limited_vs_Commissioner_General_of_Tanzania_Revenue_Authority_(Civil_Application_No358_of_2021)_2023_TZCA_17379_(3_July_2023)_(1)
2025/05/10 22:24:04 Successfully processed document: Shoprite_Checkers_Tanzania_Limited_vs_Commissioner_General_of_Tanzania_Revenue_Authority_(Civil_Application_No358_of_2021)_2023_TZCA_17379_(3_July_2023)_(1)
2025/05/10 22:24:04 Processing document: TOICO_Ltd_vs_Tanzania_Revenue_Authority_(Misc_Civil_Cause_108_of_2003)_2006_TZHC_180_(24_May_2006)
2025/05/10 22:24:14 Successfully processed document: TOICO_Ltd_vs_Tanzania_Revenue_Authority_(Misc_Civil_Cause_108_of_2003)_2006_TZHC_180_(24_May_2006)
2025/05/10 22:24:14 Processing document: Tanelec_Ltd_vs_The_Commissioner_General_Tanzania_Revenue_Authority_(Civil_Appeal_No_20_of_2018)_2018_TZCA_50_(3_July_2018)
2025/05/10 22:24:39 Successfully processed document: Tanelec_Ltd_vs_The_Commissioner_General_Tanzania_Revenue_Authority_(Civil_Appeal_No_20_of_2018)_2018_TZCA_50_(3_July_2018)
2025/05/10 22:24:39 Processing document: Tanzania_Revenue_Authority_vs_Ibrahimu_Marwa_Haulage_Ltd_Another_(Civil_Appeal_13_of_2021)_2022_TZHC_11412_(18_July_2022)
2025/05/10 22:25:04 Successfully processed document: Tanzania_Revenue_Authority_vs_Ibrahimu_Marwa_Haulage_Ltd_Another_(Civil_Appeal_13_of_2021)_2022_TZHC_11412_(18_July_2022)
2025/05/10 22:25:04 Processing document: Tanzania_Revenue_Authority_vs_Khadija_Lumbi_(Consolidated_Revision_No_220_228_of_2023)_2023_TZHCLD_1497_(29_November_2023)
2025/05/10 22:25:29 Successfully processed document: Tanzania_Revenue_Authority_vs_Khadija_Lumbi_(Consolidated_Revision_No_220_228_of_2023)_2023_TZHCLD_1497_(29_November_2023)
2025/05/10 22:25:29 Processing document: Tanzania_Revenue_Authority_vs_Tango_Transport_Company_Ltd_(Civil_Appeal_No_84_of_2009)_2016_TZCA_84_(27_October_2016)
2025/05/10 22:25:54 Successfully processed document: Tanzania_Revenue_Authority_vs_Tango_Transport_Company_Ltd_(Civil_Appeal_No_84_of_2009)_2016_TZCA_84_(27_October_2016)
2025/05/10 22:25:54 Processing document: Tanzania_Zambia_Railway_Authority_vs_Tanzania_Revenue_Authority_(Civil_Case_101_of_2002)_2003_TZHC_6_(28_March_2003)
2025/05/10 22:26:08 Successfully processed document: Tanzania_Zambia_Railway_Authority_vs_Tanzania_Revenue_Authority_(Civil_Case_101_of_2002)_2003_TZHC_6_(28_March_2003)
2025/05/10 22:26:08 Processing document: Universal_African_Logistics_Limited_vs_Commissioner_General_Tanzania_Revenue_Authority_(TRA)_(Civil_Appeal_No_431_of_2020)_2021_TZCA_644_(4_November_2021)
2025/05/10 22:26:33 Successfully processed document: Universal_African_Logistics_Limited_vs_Commissioner_General_Tanzania_Revenue_Authority_(TRA)_(Civil_Appeal_No_431_of_2020)_2021_TZCA_644_(4_November_2021)
2025/05/10 22:26:33 Processing document: Urban_J_Mtui_vs_Commissioner_General_Tanzania_Revenue_Authority_Another_(Civil_Application_No_265_of_2017)_2020_TZCA_1827_(23_October_2020)
2025/05/10 22:26:56 Successfully processed document: Urban_J_Mtui_vs_Commissioner_General_Tanzania_Revenue_Authority_Another_(Civil_Application_No_265_of_2017)_2020_TZCA_1827_(23_October_2020)
2025/05/10 22:26:56 Processing document: Urban_J_Mtui_vs_Commissioner_General_Tanzania_Revenue_Authority_Another_(Civil_Application_No_265_of_2017)_2020_TZCA_1838_(23_October_2020)
2025/05/10 22:27:19 Successfully processed document: Urban_J_Mtui_vs_Commissioner_General_Tanzania_Revenue_Authority_Another_(Civil_Application_No_265_of_2017)_2020_TZCA_1838_(23_October_2020)
2025/05/10 22:27:19 Processing document: Vodacom_Tanzania_Public_Limited_Company_vs_Commissioner_General_Tanzania_Revenue_Authority_(Civil_Appeal_No_425_of_2020)_2021_TZCA_659_(5_November_2021)
2025/05/10 22:27:42 Successfully processed document: Vodacom_Tanzania_Public_Limited_Company_vs_Commissioner_General_Tanzania_Revenue_Authority_(Civil_Appeal_No_425_of_2020)_2021_TZCA_659_(5_November_2021)
2025/05/10 22:27:42 Processing document: Vodacom_Tanzania_Public_Ltd_Company_vs_Commissioner_General_TRA_(Civil_Appeal_No_107_of_2020)_2020_TZCA_1797_(5_October_2020)
2025/05/10 22:28:07 Successfully processed document: Vodacom_Tanzania_Public_Ltd_Company_vs_Commissioner_General_TRA_(Civil_Appeal_No_107_of_2020)_2020_TZCA_1797_(5_October_2020)
2025/05/10 22:28:07 Processing document: en-1654082087-Gaming_Act_Cap_41_RE2019
2025/05/10 22:28:30 Successfully processed document: en-1654082087-Gaming_Act_Cap_41_RE2019
2025/05/10 22:28:30 Processing document: en-1679660251-TAX_ADMINISTRATION_ACT_R.E_2019
2025/05/10 22:28:52 Successfully processed document: en-1679660251-TAX_ADMINISTRATION_ACT_R.E_2019
2025/05/10 22:28:52 Processing completed!
